--- OMEGA MASTER MAINTENANCE LOG STARTED Tue Apr 21 12:56:42 2026 ---
[Tue Apr 21 12:56:42 2026] 🚀 Starting Hierarchical Maintenance Cycle...
[Tue Apr 21 12:56:42 2026] 📊 Identified 3 active workspaces.
[Tue Apr 21 12:56:42 2026] 🔍 Auditing: workspaces/clients/02_mena-legal/01_compliance-audit
[Tue Apr 21 12:56:42 2026] 🔄 UPGRADE: Legacy version detected in SentinelLegalBrokerage.md. Flagging for self-upgrade.
[Tue Apr 21 12:56:42 2026] 🔄 UPGRADE: Legacy version detected in SentinelProjectManagement.md. Flagging for self-upgrade.
[Tue Apr 21 12:56:42 2026] 🔄 UPGRADE: Legacy version detected in AGENT.md. Flagging for self-upgrade.
[Tue Apr 21 12:56:42 2026] 🔄 UPGRADE: Legacy version detected in ComplianceOfficer.md. Flagging for self-upgrade.
[Tue Apr 21 12:56:42 2026] 🔧 HEAL: Missing state.json in 01_compliance-audit. Initializing stub...
[Tue Apr 21 12:56:42 2026] 🔍 Auditing: workspaces/clients/01_galeria/01_branding-redesign
[Tue Apr 21 12:56:42 2026] 🔧 HEAL: Missing state.json in 01_branding-redesign. Initializing stub...
[Tue Apr 21 12:56:42 2026] 🔍 Auditing: workspaces/personal/01_galeria-factory
[Tue Apr 21 12:56:42 2026] 🔧 HEAL: Missing state.json in 01_galeria-factory. Initializing stub...
[Tue Apr 21 12:56:42 2026] ✅ Master Maintenance Cycle COMPLETED. System Score: 100.0% OMEGA-11.
[Tue Apr 21 13:39:00 2026] 🚀 Starting Hierarchical Maintenance Cycle...
[Tue Apr 21 13:39:00 2026] 📊 Identified 7 active workspaces.
[Tue Apr 21 13:39:00 2026] 🔍 Auditing: workspaces/clients/03_cairo-villas/01_pre-construction
[Tue Apr 21 13:39:00 2026] 🔄 UPGRADE: Legacy version detected in SentinelProjectManagement.md. Flagging for self-upgrade.
[Tue Apr 21 13:39:00 2026] 🔧 HEAL: Missing state.json in 01_pre-construction. Initializing stub...
[Tue Apr 21 13:39:00 2026] 🔍 Auditing: workspaces/clients/06_smart-cairo/01_digitization-feasibility
[Tue Apr 21 13:39:00 2026] 🔄 UPGRADE: Legacy version detected in SentinelLegalBrokerage.md. Flagging for self-upgrade.
[Tue Apr 21 13:39:00 2026] 🔧 HEAL: Missing state.json in 01_digitization-feasibility. Initializing stub...
[Tue Apr 21 13:39:00 2026] 🔍 Auditing: workspaces/clients/05_green-suez/01_wind-farm-feasibility
[Tue Apr 21 13:39:00 2026] 🔄 UPGRADE: Legacy version detected in SentinelLegalBrokerage.md. Flagging for self-upgrade.
[Tue Apr 21 13:39:00 2026] 🔄 UPGRADE: Legacy version detected in SentinelProjectManagement.md. Flagging for self-upgrade.
[Tue Apr 21 13:39:00 2026] 🔧 HEAL: Missing state.json in 01_wind-farm-feasibility. Initializing stub...
[Tue Apr 21 13:39:00 2026] 🔍 Auditing: workspaces/clients/04_delta-medical/01_clinical-trial-pipeline
[Tue Apr 21 13:39:00 2026] 🔄 UPGRADE: Legacy version detected in HealthConsultant.md. Flagging for self-upgrade.
[Tue Apr 21 13:39:00 2026] 🔄 UPGRADE: Legacy version detected in SentinelProjectManagement.md. Flagging for self-upgrade.
[Tue Apr 21 13:39:00 2026] 🔧 HEAL: Missing state.json in 01_clinical-trial-pipeline. Initializing stub...
[Tue Apr 21 13:39:00 2026] 🔍 Auditing: workspaces/clients/02_mena-legal/01_compliance-audit
[Tue Apr 21 13:39:00 2026] 🔄 UPGRADE: Legacy version detected in SentinelLegalBrokerage.md. Flagging for self-upgrade.
[Tue Apr 21 13:39:00 2026] 🔄 UPGRADE: Legacy version detected in SentinelProjectManagement.md. Flagging for self-upgrade.
[Tue Apr 21 13:39:00 2026] 🔄 UPGRADE: Legacy version detected in AGENT.md. Flagging for self-upgrade.
[Tue Apr 21 13:39:00 2026] 🔄 UPGRADE: Legacy version detected in ComplianceOfficer.md. Flagging for self-upgrade.
[Tue Apr 21 13:39:00 2026] 🔍 Auditing: workspaces/clients/01_galeria/01_branding-redesign
[Tue Apr 21 13:39:00 2026] 🔍 Auditing: workspaces/personal/01_galeria-factory
[Tue Apr 21 13:39:00 2026] ✅ Master Maintenance Cycle COMPLETED. System Score: 100.0% OMEGA-11.
[Tue Apr 21 14:13:45 2026] 🚀 Starting Hierarchical Maintenance Cycle...
[Tue Apr 21 14:13:45 2026] 📊 Identified 7 active workspaces.
[Tue Apr 21 14:13:45 2026] 🔍 Auditing: workspaces/clients/03_cairo-villas/01_pre-construction
[Tue Apr 21 14:13:45 2026] 🔄 UPGRADE: Legacy version detected in SentinelProjectManagement.md. Flagging for self-upgrade.
[Tue Apr 21 14:13:45 2026] 🔍 Auditing: workspaces/clients/06_smart-cairo/01_digitization-feasibility
[Tue Apr 21 14:13:45 2026] 🔄 UPGRADE: Legacy version detected in SentinelLegalBrokerage.md. Flagging for self-upgrade.
[Tue Apr 21 14:13:45 2026] 🔍 Auditing: workspaces/clients/05_green-suez/01_wind-farm-feasibility
[Tue Apr 21 14:13:45 2026] 🔄 UPGRADE: Legacy version detected in SentinelLegalBrokerage.md. Flagging for self-upgrade.
[Tue Apr 21 14:13:45 2026] 🔄 UPGRADE: Legacy version detected in SentinelProjectManagement.md. Flagging for self-upgrade.
[Tue Apr 21 14:13:45 2026] 🔍 Auditing: workspaces/clients/04_delta-medical/01_clinical-trial-pipeline
[Tue Apr 21 14:13:45 2026] 🔄 UPGRADE: Legacy version detected in HealthConsultant.md. Flagging for self-upgrade.
[Tue Apr 21 14:13:45 2026] 🔄 UPGRADE: Legacy version detected in SentinelProjectManagement.md. Flagging for self-upgrade.
[Tue Apr 21 14:13:45 2026] 🔍 Auditing: workspaces/clients/02_mena-legal/01_compliance-audit
[Tue Apr 21 14:13:45 2026] 🔄 UPGRADE: Legacy version detected in SentinelLegalBrokerage.md. Flagging for self-upgrade.
[Tue Apr 21 14:13:45 2026] 🔄 UPGRADE: Legacy version detected in SentinelProjectManagement.md. Flagging for self-upgrade.
[Tue Apr 21 14:13:45 2026] 🔄 UPGRADE: Legacy version detected in AGENT.md. Flagging for self-upgrade.
[Tue Apr 21 14:13:45 2026] 🔄 UPGRADE: Legacy version detected in ComplianceOfficer.md. Flagging for self-upgrade.
[Tue Apr 21 14:13:45 2026] 🔍 Auditing: workspaces/clients/01_galeria/01_branding-redesign
[Tue Apr 21 14:13:45 2026] 🔍 Auditing: workspaces/personal/01_galeria-factory
[Tue Apr 21 14:13:45 2026] ✅ Master Maintenance Cycle COMPLETED. System Score: 100.0% OMEGA-11.
[Tue Apr 21 14:36:54 2026] 🚀 Starting Hierarchical Maintenance Cycle...
[Tue Apr 21 14:36:54 2026] 📊 Identified 7 active workspaces.
[Tue Apr 21 14:36:54 2026] 🔍 Auditing: workspaces/clients/03_cairo-villas/01_pre-construction
[Tue Apr 21 14:36:54 2026] 🔄 UPGRADE: Legacy version detected in SentinelProjectManagement.md. Flagging for self-upgrade.
[Tue Apr 21 14:36:54 2026] 🔍 Auditing: workspaces/clients/06_smart-cairo/01_digitization-feasibility
[Tue Apr 21 14:36:54 2026] 🔄 UPGRADE: Legacy version detected in SentinelLegalBrokerage.md. Flagging for self-upgrade.
[Tue Apr 21 14:36:54 2026] 🔍 Auditing: workspaces/clients/05_green-suez/01_wind-farm-feasibility
[Tue Apr 21 14:36:54 2026] 🔄 UPGRADE: Legacy version detected in SentinelLegalBrokerage.md. Flagging for self-upgrade.
[Tue Apr 21 14:36:54 2026] 🔄 UPGRADE: Legacy version detected in SentinelProjectManagement.md. Flagging for self-upgrade.
[Tue Apr 21 14:36:54 2026] 🔍 Auditing: workspaces/clients/04_delta-medical/01_clinical-trial-pipeline
[Tue Apr 21 14:36:54 2026] 🔄 UPGRADE: Legacy version detected in HealthConsultant.md. Flagging for self-upgrade.
[Tue Apr 21 14:36:54 2026] 🔄 UPGRADE: Legacy version detected in SentinelProjectManagement.md. Flagging for self-upgrade.
[Tue Apr 21 14:36:54 2026] 🔍 Auditing: workspaces/clients/02_mena-legal/01_compliance-audit
[Tue Apr 21 14:36:54 2026] 🔄 UPGRADE: Legacy version detected in SentinelLegalBrokerage.md. Flagging for self-upgrade.
[Tue Apr 21 14:36:54 2026] 🔄 UPGRADE: Legacy version detected in SentinelProjectManagement.md. Flagging for self-upgrade.
[Tue Apr 21 14:36:54 2026] 🔄 UPGRADE: Legacy version detected in AGENT.md. Flagging for self-upgrade.
[Tue Apr 21 14:36:54 2026] 🔄 UPGRADE: Legacy version detected in ComplianceOfficer.md. Flagging for self-upgrade.
[Tue Apr 21 14:36:54 2026] 🔍 Auditing: workspaces/clients/01_galeria/01_branding-redesign
[Tue Apr 21 14:36:54 2026] 🔍 Auditing: workspaces/personal/01_galeria-factory
[Tue Apr 21 14:36:54 2026] ✅ Master Maintenance Cycle COMPLETED. System Score: 100.0% OMEGA-11.
[Tue Apr 21 15:06:55 2026] 🚀 Starting Hierarchical Maintenance Cycle...
[Tue Apr 21 15:06:55 2026] 📊 Identified 7 active workspaces.
[Tue Apr 21 15:06:55 2026] 🔍 Auditing: workspaces/clients/03_cairo-villas/01_pre-construction
[Tue Apr 21 15:06:55 2026] 🔄 UPGRADE: Legacy version detected in SentinelProjectManagement.md. Flagging for self-upgrade.
[Tue Apr 21 15:06:55 2026] 🔍 Auditing: workspaces/clients/06_smart-cairo/01_digitization-feasibility
[Tue Apr 21 15:06:55 2026] 🔄 UPGRADE: Legacy version detected in SentinelLegalBrokerage.md. Flagging for self-upgrade.
[Tue Apr 21 15:06:55 2026] 🔍 Auditing: workspaces/clients/05_green-suez/01_wind-farm-feasibility
[Tue Apr 21 15:06:55 2026] 🔄 UPGRADE: Legacy version detected in SentinelLegalBrokerage.md. Flagging for self-upgrade.
[Tue Apr 21 15:06:55 2026] 🔄 UPGRADE: Legacy version detected in SentinelProjectManagement.md. Flagging for self-upgrade.
[Tue Apr 21 15:06:55 2026] 🔍 Auditing: workspaces/clients/04_delta-medical/01_clinical-trial-pipeline
[Tue Apr 21 15:06:55 2026] 🔄 UPGRADE: Legacy version detected in HealthConsultant.md. Flagging for self-upgrade.
[Tue Apr 21 15:06:55 2026] 🔄 UPGRADE: Legacy version detected in SentinelProjectManagement.md. Flagging for self-upgrade.
[Tue Apr 21 15:06:55 2026] 🔍 Auditing: workspaces/clients/02_mena-legal/01_compliance-audit
[Tue Apr 21 15:06:55 2026] 🔄 UPGRADE: Legacy version detected in SentinelLegalBrokerage.md. Flagging for self-upgrade.
[Tue Apr 21 15:06:55 2026] 🔄 UPGRADE: Legacy version detected in SentinelProjectManagement.md. Flagging for self-upgrade.
[Tue Apr 21 15:06:55 2026] 🔄 UPGRADE: Legacy version detected in AGENT.md. Flagging for self-upgrade.
[Tue Apr 21 15:06:55 2026] 🔄 UPGRADE: Legacy version detected in ComplianceOfficer.md. Flagging for self-upgrade.
[Tue Apr 21 15:06:55 2026] 🔍 Auditing: workspaces/clients/01_galeria/01_branding-redesign
[Tue Apr 21 15:06:55 2026] 🔍 Auditing: workspaces/personal/01_galeria-factory
[Tue Apr 21 15:06:55 2026] ✅ Master Maintenance Cycle COMPLETED. System Score: 100.0% OMEGA-11.
[Tue Apr 21 15:36:55 2026] 🚀 Starting Hierarchical Maintenance Cycle...
[Tue Apr 21 15:36:55 2026] 📊 Identified 7 active workspaces.
[Tue Apr 21 15:36:55 2026] 🔍 Auditing: workspaces/clients/03_cairo-villas/01_pre-construction
[Tue Apr 21 15:36:55 2026] 🔄 UPGRADE: Legacy version detected in SentinelProjectManagement.md. Flagging for self-upgrade.
[Tue Apr 21 15:36:55 2026] 🔍 Auditing: workspaces/clients/06_smart-cairo/01_digitization-feasibility
[Tue Apr 21 15:36:55 2026] 🔄 UPGRADE: Legacy version detected in SentinelLegalBrokerage.md. Flagging for self-upgrade.
[Tue Apr 21 15:36:55 2026] 🔍 Auditing: workspaces/clients/05_green-suez/01_wind-farm-feasibility
[Tue Apr 21 15:36:55 2026] 🔄 UPGRADE: Legacy version detected in SentinelLegalBrokerage.md. Flagging for self-upgrade.
[Tue Apr 21 15:36:55 2026] 🔄 UPGRADE: Legacy version detected in SentinelProjectManagement.md. Flagging for self-upgrade.
[Tue Apr 21 15:36:55 2026] 🔍 Auditing: workspaces/clients/04_delta-medical/01_clinical-trial-pipeline
[Tue Apr 21 15:36:55 2026] 🔄 UPGRADE: Legacy version detected in HealthConsultant.md. Flagging for self-upgrade.
[Tue Apr 21 15:36:55 2026] 🔄 UPGRADE: Legacy version detected in SentinelProjectManagement.md. Flagging for self-upgrade.
[Tue Apr 21 15:36:55 2026] 🔍 Auditing: workspaces/clients/02_mena-legal/01_compliance-audit
[Tue Apr 21 15:36:55 2026] 🔄 UPGRADE: Legacy version detected in SentinelLegalBrokerage.md. Flagging for self-upgrade.
[Tue Apr 21 15:36:55 2026] 🔄 UPGRADE: Legacy version detected in SentinelProjectManagement.md. Flagging for self-upgrade.
[Tue Apr 21 15:36:55 2026] 🔄 UPGRADE: Legacy version detected in AGENT.md. Flagging for self-upgrade.
[Tue Apr 21 15:36:55 2026] 🔄 UPGRADE: Legacy version detected in ComplianceOfficer.md. Flagging for self-upgrade.
[Tue Apr 21 15:36:55 2026] 🔍 Auditing: workspaces/clients/01_galeria/01_branding-redesign
[Tue Apr 21 15:36:55 2026] 🔍 Auditing: workspaces/personal/01_galeria-factory
[Tue Apr 21 15:36:55 2026] ✅ Master Maintenance Cycle COMPLETED. System Score: 100.0% OMEGA-11.
[Tue Apr 21 16:06:56 2026] 🚀 Starting Hierarchical Maintenance Cycle...
[Tue Apr 21 16:06:56 2026] 📊 Identified 10 active workspaces.
[Tue Apr 21 16:06:56 2026] 🔍 Auditing: workspaces/clients/03_cairo-villas/01_pre-construction
[Tue Apr 21 16:06:56 2026] 🔄 UPGRADE: Legacy version detected in SentinelProjectManagement.md. Flagging for self-upgrade.
[Tue Apr 21 16:06:56 2026] 🔍 Auditing: workspaces/clients/06_smart-cairo/01_digitization-feasibility
[Tue Apr 21 16:06:56 2026] 🔄 UPGRADE: Legacy version detected in SentinelLegalBrokerage.md. Flagging for self-upgrade.
[Tue Apr 21 16:06:56 2026] 🔍 Auditing: workspaces/clients/08_safari-experts/01_ai-visuals
[Tue Apr 21 16:06:56 2026] 🔧 HEAL: Missing state.json in 01_ai-visuals. Initializing stub...
[Tue Apr 21 16:06:56 2026] 🔍 Auditing: workspaces/clients/07_hotel-paradise/01_website-dev
[Tue Apr 21 16:06:56 2026] 🔧 HEAL: Missing state.json in 01_website-dev. Initializing stub...
[Tue Apr 21 16:06:56 2026] 🔍 Auditing: workspaces/clients/05_green-suez/01_wind-farm-feasibility
[Tue Apr 21 16:06:56 2026] 🔄 UPGRADE: Legacy version detected in SentinelLegalBrokerage.md. Flagging for self-upgrade.
[Tue Apr 21 16:06:56 2026] 🔄 UPGRADE: Legacy version detected in SentinelProjectManagement.md. Flagging for self-upgrade.
[Tue Apr 21 16:06:56 2026] 🔍 Auditing: workspaces/clients/04_delta-medical/01_clinical-trial-pipeline
[Tue Apr 21 16:06:56 2026] 🔄 UPGRADE: Legacy version detected in HealthConsultant.md. Flagging for self-upgrade.
[Tue Apr 21 16:06:56 2026] 🔄 UPGRADE: Legacy version detected in SentinelProjectManagement.md. Flagging for self-upgrade.
[Tue Apr 21 16:06:56 2026] 🔍 Auditing: workspaces/clients/09_glam-salon/01_meta-advertising
[Tue Apr 21 16:06:56 2026] 🔧 HEAL: Missing state.json in 01_meta-advertising. Initializing stub...
[Tue Apr 21 16:06:56 2026] 🔍 Auditing: workspaces/clients/02_mena-legal/01_compliance-audit
[Tue Apr 21 16:06:56 2026] 🔄 UPGRADE: Legacy version detected in SentinelLegalBrokerage.md. Flagging for self-upgrade.
[Tue Apr 21 16:06:56 2026] 🔄 UPGRADE: Legacy version detected in SentinelProjectManagement.md. Flagging for self-upgrade.
[Tue Apr 21 16:06:56 2026] 🔄 UPGRADE: Legacy version detected in AGENT.md. Flagging for self-upgrade.
[Tue Apr 21 16:06:56 2026] 🔄 UPGRADE: Legacy version detected in ComplianceOfficer.md. Flagging for self-upgrade.
[Tue Apr 21 16:06:56 2026] 🔍 Auditing: workspaces/clients/01_galeria/01_branding-redesign
[Tue Apr 21 16:06:56 2026] 🔍 Auditing: workspaces/personal/01_galeria-factory
[Tue Apr 21 16:06:56 2026] ✅ Master Maintenance Cycle COMPLETED. System Score: 100.0% OMEGA-11.
[Tue Apr 21 16:36:57 2026] 🚀 Starting Hierarchical Maintenance Cycle...
[Tue Apr 21 16:36:57 2026] 📊 Identified 10 active workspaces.
[Tue Apr 21 16:36:57 2026] 🔍 Auditing: workspaces/clients/03_cairo-villas/01_pre-construction
[Tue Apr 21 16:36:57 2026] 🔄 UPGRADE: Legacy version detected in SentinelProjectManagement.md. Flagging for self-upgrade.
[Tue Apr 21 16:36:57 2026] 🔍 Auditing: workspaces/clients/06_smart-cairo/01_digitization-feasibility
[Tue Apr 21 16:36:57 2026] 🔄 UPGRADE: Legacy version detected in SentinelLegalBrokerage.md. Flagging for self-upgrade.
[Tue Apr 21 16:36:57 2026] 🔍 Auditing: workspaces/clients/08_safari-experts/01_ai-visuals
[Tue Apr 21 16:36:57 2026] 🔍 Auditing: workspaces/clients/07_hotel-paradise/01_website-dev
[Tue Apr 21 16:36:57 2026] 🔍 Auditing: workspaces/clients/05_green-suez/01_wind-farm-feasibility
[Tue Apr 21 16:36:57 2026] 🔄 UPGRADE: Legacy version detected in SentinelLegalBrokerage.md. Flagging for self-upgrade.
[Tue Apr 21 16:36:57 2026] 🔄 UPGRADE: Legacy version detected in SentinelProjectManagement.md. Flagging for self-upgrade.
[Tue Apr 21 16:36:57 2026] 🔍 Auditing: workspaces/clients/04_delta-medical/01_clinical-trial-pipeline
[Tue Apr 21 16:36:57 2026] 🔄 UPGRADE: Legacy version detected in HealthConsultant.md. Flagging for self-upgrade.
[Tue Apr 21 16:36:57 2026] 🔄 UPGRADE: Legacy version detected in SentinelProjectManagement.md. Flagging for self-upgrade.
[Tue Apr 21 16:36:57 2026] 🔍 Auditing: workspaces/clients/09_glam-salon/01_meta-advertising
[Tue Apr 21 16:36:57 2026] 🔍 Auditing: workspaces/clients/02_mena-legal/01_compliance-audit
[Tue Apr 21 16:36:57 2026] 🔄 UPGRADE: Legacy version detected in SentinelLegalBrokerage.md. Flagging for self-upgrade.
[Tue Apr 21 16:36:57 2026] 🔄 UPGRADE: Legacy version detected in SentinelProjectManagement.md. Flagging for self-upgrade.
[Tue Apr 21 16:36:57 2026] 🔄 UPGRADE: Legacy version detected in AGENT.md. Flagging for self-upgrade.
[Tue Apr 21 16:36:57 2026] 🔄 UPGRADE: Legacy version detected in ComplianceOfficer.md. Flagging for self-upgrade.
[Tue Apr 21 16:36:57 2026] 🔍 Auditing: workspaces/clients/01_galeria/01_branding-redesign
[Tue Apr 21 16:36:57 2026] 🔍 Auditing: workspaces/personal/01_galeria-factory
[Tue Apr 21 16:36:57 2026] ✅ Master Maintenance Cycle COMPLETED. System Score: 100.0% OMEGA-11.
[Tue Apr 21 17:06:57 2026] 🚀 Starting Hierarchical Maintenance Cycle...
[Tue Apr 21 17:06:57 2026] 📊 Identified 10 active workspaces.
[Tue Apr 21 17:06:57 2026] 🔍 Auditing: workspaces/clients/03_cairo-villas/01_pre-construction
[Tue Apr 21 17:06:57 2026] 🔄 UPGRADE: Legacy version detected in SentinelProjectManagement.md. Flagging for self-upgrade.
[Tue Apr 21 17:06:57 2026] 🔍 Auditing: workspaces/clients/06_smart-cairo/01_digitization-feasibility
[Tue Apr 21 17:06:57 2026] 🔄 UPGRADE: Legacy version detected in SentinelLegalBrokerage.md. Flagging for self-upgrade.
[Tue Apr 21 17:06:57 2026] 🔍 Auditing: workspaces/clients/08_safari-experts/01_ai-visuals
[Tue Apr 21 17:06:57 2026] 🔍 Auditing: workspaces/clients/07_hotel-paradise/01_website-dev
[Tue Apr 21 17:06:57 2026] 🔍 Auditing: workspaces/clients/05_green-suez/01_wind-farm-feasibility
[Tue Apr 21 17:06:57 2026] 🔄 UPGRADE: Legacy version detected in SentinelLegalBrokerage.md. Flagging for self-upgrade.
[Tue Apr 21 17:06:57 2026] 🔄 UPGRADE: Legacy version detected in SentinelProjectManagement.md. Flagging for self-upgrade.
[Tue Apr 21 17:06:57 2026] 🔍 Auditing: workspaces/clients/04_delta-medical/01_clinical-trial-pipeline
[Tue Apr 21 17:06:57 2026] 🔄 UPGRADE: Legacy version detected in HealthConsultant.md. Flagging for self-upgrade.
[Tue Apr 21 17:06:57 2026] 🔄 UPGRADE: Legacy version detected in SentinelProjectManagement.md. Flagging for self-upgrade.
[Tue Apr 21 17:06:57 2026] 🔍 Auditing: workspaces/clients/09_glam-salon/01_meta-advertising
[Tue Apr 21 17:06:57 2026] 🔍 Auditing: workspaces/clients/02_mena-legal/01_compliance-audit
[Tue Apr 21 17:06:57 2026] 🔄 UPGRADE: Legacy version detected in SentinelLegalBrokerage.md. Flagging for self-upgrade.
[Tue Apr 21 17:06:57 2026] 🔄 UPGRADE: Legacy version detected in SentinelProjectManagement.md. Flagging for self-upgrade.
[Tue Apr 21 17:06:57 2026] 🔄 UPGRADE: Legacy version detected in AGENT.md. Flagging for self-upgrade.
[Tue Apr 21 17:06:57 2026] 🔄 UPGRADE: Legacy version detected in ComplianceOfficer.md. Flagging for self-upgrade.
[Tue Apr 21 17:06:57 2026] 🔍 Auditing: workspaces/clients/01_galeria/01_branding-redesign
[Tue Apr 21 17:06:57 2026] 🔍 Auditing: workspaces/personal/01_galeria-factory
[Tue Apr 21 17:06:57 2026] ✅ Master Maintenance Cycle COMPLETED. System Score: 100.0% OMEGA-11.
[Tue Apr 21 17:36:58 2026] 🚀 Starting Hierarchical Maintenance Cycle...
[Tue Apr 21 17:36:58 2026] 📊 Identified 10 active workspaces.
[Tue Apr 21 17:36:58 2026] 🔍 Auditing: workspaces/clients/03_cairo-villas/01_pre-construction
[Tue Apr 21 17:36:58 2026] 🔄 UPGRADE: Legacy version detected in SentinelProjectManagement.md. Flagging for self-upgrade.
[Tue Apr 21 17:36:58 2026] 🔍 Auditing: workspaces/clients/06_smart-cairo/01_digitization-feasibility
[Tue Apr 21 17:36:58 2026] 🔄 UPGRADE: Legacy version detected in SentinelLegalBrokerage.md. Flagging for self-upgrade.
[Tue Apr 21 17:36:58 2026] 🔍 Auditing: workspaces/clients/08_safari-experts/01_ai-visuals
[Tue Apr 21 17:36:58 2026] 🔍 Auditing: workspaces/clients/07_hotel-paradise/01_website-dev
[Tue Apr 21 17:36:58 2026] 🔍 Auditing: workspaces/clients/05_green-suez/01_wind-farm-feasibility
[Tue Apr 21 17:36:58 2026] 🔄 UPGRADE: Legacy version detected in SentinelLegalBrokerage.md. Flagging for self-upgrade.
[Tue Apr 21 17:36:58 2026] 🔄 UPGRADE: Legacy version detected in SentinelProjectManagement.md. Flagging for self-upgrade.
[Tue Apr 21 17:36:58 2026] 🔍 Auditing: workspaces/clients/04_delta-medical/01_clinical-trial-pipeline
[Tue Apr 21 17:36:58 2026] 🔄 UPGRADE: Legacy version detected in HealthConsultant.md. Flagging for self-upgrade.
[Tue Apr 21 17:36:58 2026] 🔄 UPGRADE: Legacy version detected in SentinelProjectManagement.md. Flagging for self-upgrade.
[Tue Apr 21 17:36:58 2026] 🔍 Auditing: workspaces/clients/09_glam-salon/01_meta-advertising
[Tue Apr 21 17:36:58 2026] 🔍 Auditing: workspaces/clients/02_mena-legal/01_compliance-audit
[Tue Apr 21 17:36:58 2026] 🔄 UPGRADE: Legacy version detected in SentinelLegalBrokerage.md. Flagging for self-upgrade.
[Tue Apr 21 17:36:58 2026] 🔄 UPGRADE: Legacy version detected in SentinelProjectManagement.md. Flagging for self-upgrade.
[Tue Apr 21 17:36:58 2026] 🔄 UPGRADE: Legacy version detected in AGENT.md. Flagging for self-upgrade.
[Tue Apr 21 17:36:58 2026] 🔄 UPGRADE: Legacy version detected in ComplianceOfficer.md. Flagging for self-upgrade.
[Tue Apr 21 17:36:58 2026] 🔍 Auditing: workspaces/clients/01_galeria/01_branding-redesign
[Tue Apr 21 17:36:58 2026] 🔍 Auditing: workspaces/personal/01_galeria-factory
[Tue Apr 21 17:36:58 2026] ✅ Master Maintenance Cycle COMPLETED. System Score: 100.0% OMEGA-11.
[Tue Apr 21 18:06:59 2026] 🚀 Starting Hierarchical Maintenance Cycle...
[Tue Apr 21 18:06:59 2026] 📊 Identified 10 active workspaces.
[Tue Apr 21 18:06:59 2026] 🔍 Auditing: workspaces/clients/03_cairo-villas/01_pre-construction
[Tue Apr 21 18:06:59 2026] 🔄 UPGRADE: Legacy version detected in SentinelProjectManagement.md. Flagging for self-upgrade.
[Tue Apr 21 18:06:59 2026] 🔍 Auditing: workspaces/clients/06_smart-cairo/01_digitization-feasibility
[Tue Apr 21 18:06:59 2026] 🔄 UPGRADE: Legacy version detected in SentinelLegalBrokerage.md. Flagging for self-upgrade.
[Tue Apr 21 18:06:59 2026] 🔍 Auditing: workspaces/clients/08_safari-experts/01_ai-visuals
[Tue Apr 21 18:06:59 2026] 🔍 Auditing: workspaces/clients/07_hotel-paradise/01_website-dev
[Tue Apr 21 18:06:59 2026] 🔍 Auditing: workspaces/clients/05_green-suez/01_wind-farm-feasibility
[Tue Apr 21 18:06:59 2026] 🔄 UPGRADE: Legacy version detected in SentinelLegalBrokerage.md. Flagging for self-upgrade.
[Tue Apr 21 18:06:59 2026] 🔄 UPGRADE: Legacy version detected in SentinelProjectManagement.md. Flagging for self-upgrade.
[Tue Apr 21 18:06:59 2026] 🔍 Auditing: workspaces/clients/04_delta-medical/01_clinical-trial-pipeline
[Tue Apr 21 18:06:59 2026] 🔄 UPGRADE: Legacy version detected in HealthConsultant.md. Flagging for self-upgrade.
[Tue Apr 21 18:06:59 2026] 🔄 UPGRADE: Legacy version detected in SentinelProjectManagement.md. Flagging for self-upgrade.
[Tue Apr 21 18:06:59 2026] 🔍 Auditing: workspaces/clients/09_glam-salon/01_meta-advertising
[Tue Apr 21 18:06:59 2026] 🔍 Auditing: workspaces/clients/02_mena-legal/01_compliance-audit
[Tue Apr 21 18:06:59 2026] 🔄 UPGRADE: Legacy version detected in SentinelLegalBrokerage.md. Flagging for self-upgrade.
[Tue Apr 21 18:06:59 2026] 🔄 UPGRADE: Legacy version detected in SentinelProjectManagement.md. Flagging for self-upgrade.
[Tue Apr 21 18:06:59 2026] 🔄 UPGRADE: Legacy version detected in AGENT.md. Flagging for self-upgrade.
[Tue Apr 21 18:06:59 2026] 🔄 UPGRADE: Legacy version detected in ComplianceOfficer.md. Flagging for self-upgrade.
[Tue Apr 21 18:06:59 2026] 🔍 Auditing: workspaces/clients/01_galeria/01_branding-redesign
[Tue Apr 21 18:06:59 2026] 🔍 Auditing: workspaces/personal/01_galeria-factory
[Tue Apr 21 18:06:59 2026] ✅ Master Maintenance Cycle COMPLETED. System Score: 100.0% OMEGA-11.
[Tue Apr 21 18:36:59 2026] 🚀 Starting Hierarchical Maintenance Cycle...
[Tue Apr 21 18:36:59 2026] 📊 Identified 10 active workspaces.
[Tue Apr 21 18:36:59 2026] 🔍 Auditing: workspaces/clients/03_cairo-villas/01_pre-construction
[Tue Apr 21 18:36:59 2026] 🔄 UPGRADE: Legacy version detected in SentinelProjectManagement.md. Flagging for self-upgrade.
[Tue Apr 21 18:36:59 2026] 🔍 Auditing: workspaces/clients/06_smart-cairo/01_digitization-feasibility
[Tue Apr 21 18:36:59 2026] 🔄 UPGRADE: Legacy version detected in SentinelLegalBrokerage.md. Flagging for self-upgrade.
[Tue Apr 21 18:36:59 2026] 🔍 Auditing: workspaces/clients/08_safari-experts/01_ai-visuals
[Tue Apr 21 18:36:59 2026] 🔍 Auditing: workspaces/clients/07_hotel-paradise/01_website-dev
[Tue Apr 21 18:36:59 2026] 🔍 Auditing: workspaces/clients/05_green-suez/01_wind-farm-feasibility
[Tue Apr 21 18:36:59 2026] 🔄 UPGRADE: Legacy version detected in SentinelLegalBrokerage.md. Flagging for self-upgrade.
[Tue Apr 21 18:36:59 2026] 🔄 UPGRADE: Legacy version detected in SentinelProjectManagement.md. Flagging for self-upgrade.
[Tue Apr 21 18:36:59 2026] 🔍 Auditing: workspaces/clients/04_delta-medical/01_clinical-trial-pipeline
[Tue Apr 21 18:36:59 2026] 🔄 UPGRADE: Legacy version detected in HealthConsultant.md. Flagging for self-upgrade.
[Tue Apr 21 18:36:59 2026] 🔄 UPGRADE: Legacy version detected in SentinelProjectManagement.md. Flagging for self-upgrade.
[Tue Apr 21 18:36:59 2026] 🔍 Auditing: workspaces/clients/09_glam-salon/01_meta-advertising
[Tue Apr 21 18:36:59 2026] 🔍 Auditing: workspaces/clients/02_mena-legal/01_compliance-audit
[Tue Apr 21 18:36:59 2026] 🔄 UPGRADE: Legacy version detected in SentinelLegalBrokerage.md. Flagging for self-upgrade.
[Tue Apr 21 18:36:59 2026] 🔄 UPGRADE: Legacy version detected in SentinelProjectManagement.md. Flagging for self-upgrade.
[Tue Apr 21 18:36:59 2026] 🔄 UPGRADE: Legacy version detected in AGENT.md. Flagging for self-upgrade.
[Tue Apr 21 18:36:59 2026] 🔄 UPGRADE: Legacy version detected in ComplianceOfficer.md. Flagging for self-upgrade.
[Tue Apr 21 18:36:59 2026] 🔍 Auditing: workspaces/clients/01_galeria/01_branding-redesign
[Tue Apr 21 18:36:59 2026] 🔍 Auditing: workspaces/personal/01_galeria-factory
[Tue Apr 21 18:36:59 2026] ✅ Master Maintenance Cycle COMPLETED. System Score: 100.0% OMEGA-11.
[Tue Apr 21 19:06:59 2026] 🚀 Starting Hierarchical Maintenance Cycle...
[Tue Apr 21 19:06:59 2026] 📊 Identified 10 active workspaces.
[Tue Apr 21 19:06:59 2026] 🔍 Auditing: workspaces/clients/03_cairo-villas/01_pre-construction
[Tue Apr 21 19:06:59 2026] 🔄 UPGRADE: Legacy version detected in SentinelProjectManagement.md. Flagging for self-upgrade.
[Tue Apr 21 19:06:59 2026] 🔍 Auditing: workspaces/clients/06_smart-cairo/01_digitization-feasibility
[Tue Apr 21 19:06:59 2026] 🔄 UPGRADE: Legacy version detected in SentinelLegalBrokerage.md. Flagging for self-upgrade.
[Tue Apr 21 19:06:59 2026] 🔍 Auditing: workspaces/clients/08_safari-experts/01_ai-visuals
[Tue Apr 21 19:06:59 2026] 🔍 Auditing: workspaces/clients/07_hotel-paradise/01_website-dev
[Tue Apr 21 19:06:59 2026] 🔍 Auditing: workspaces/clients/05_green-suez/01_wind-farm-feasibility
[Tue Apr 21 19:06:59 2026] 🔄 UPGRADE: Legacy version detected in SentinelLegalBrokerage.md. Flagging for self-upgrade.
[Tue Apr 21 19:06:59 2026] 🔄 UPGRADE: Legacy version detected in SentinelProjectManagement.md. Flagging for self-upgrade.
[Tue Apr 21 19:06:59 2026] 🔍 Auditing: workspaces/clients/04_delta-medical/01_clinical-trial-pipeline
[Tue Apr 21 19:06:59 2026] 🔄 UPGRADE: Legacy version detected in HealthConsultant.md. Flagging for self-upgrade.
[Tue Apr 21 19:06:59 2026] 🔄 UPGRADE: Legacy version detected in SentinelProjectManagement.md. Flagging for self-upgrade.
[Tue Apr 21 19:06:59 2026] 🔍 Auditing: workspaces/clients/09_glam-salon/01_meta-advertising
[Tue Apr 21 19:06:59 2026] 🔍 Auditing: workspaces/clients/02_mena-legal/01_compliance-audit
[Tue Apr 21 19:06:59 2026] 🔄 UPGRADE: Legacy version detected in SentinelLegalBrokerage.md. Flagging for self-upgrade.
[Tue Apr 21 19:06:59 2026] 🔄 UPGRADE: Legacy version detected in SentinelProjectManagement.md. Flagging for self-upgrade.
[Tue Apr 21 19:06:59 2026] 🔄 UPGRADE: Legacy version detected in AGENT.md. Flagging for self-upgrade.
[Tue Apr 21 19:06:59 2026] 🔄 UPGRADE: Legacy version detected in ComplianceOfficer.md. Flagging for self-upgrade.
[Tue Apr 21 19:06:59 2026] 🔍 Auditing: workspaces/clients/01_galeria/01_branding-redesign
[Tue Apr 21 19:06:59 2026] 🔍 Auditing: workspaces/personal/01_galeria-factory
[Tue Apr 21 19:06:59 2026] ✅ Master Maintenance Cycle COMPLETED. System Score: 100.0% OMEGA-11.
[Tue Apr 21 19:37:00 2026] 🚀 Starting Hierarchical Maintenance Cycle...
[Tue Apr 21 19:37:00 2026] 📊 Identified 10 active workspaces.
[Tue Apr 21 19:37:00 2026] 🔍 Auditing: workspaces/clients/03_cairo-villas/01_pre-construction
[Tue Apr 21 19:37:00 2026] 🔄 UPGRADE: Legacy version detected in SentinelProjectManagement.md. Flagging for self-upgrade.
[Tue Apr 21 19:37:00 2026] 🔍 Auditing: workspaces/clients/06_smart-cairo/01_digitization-feasibility
[Tue Apr 21 19:37:00 2026] 🔄 UPGRADE: Legacy version detected in SentinelLegalBrokerage.md. Flagging for self-upgrade.
[Tue Apr 21 19:37:00 2026] 🔍 Auditing: workspaces/clients/08_safari-experts/01_ai-visuals
[Tue Apr 21 19:37:00 2026] 🔍 Auditing: workspaces/clients/07_hotel-paradise/01_website-dev
[Tue Apr 21 19:37:00 2026] 🔍 Auditing: workspaces/clients/05_green-suez/01_wind-farm-feasibility
[Tue Apr 21 19:37:00 2026] 🔄 UPGRADE: Legacy version detected in SentinelLegalBrokerage.md. Flagging for self-upgrade.
[Tue Apr 21 19:37:00 2026] 🔄 UPGRADE: Legacy version detected in SentinelProjectManagement.md. Flagging for self-upgrade.
[Tue Apr 21 19:37:00 2026] 🔍 Auditing: workspaces/clients/04_delta-medical/01_clinical-trial-pipeline
[Tue Apr 21 19:37:00 2026] 🔄 UPGRADE: Legacy version detected in HealthConsultant.md. Flagging for self-upgrade.
[Tue Apr 21 19:37:00 2026] 🔄 UPGRADE: Legacy version detected in SentinelProjectManagement.md. Flagging for self-upgrade.
[Tue Apr 21 19:37:00 2026] 🔍 Auditing: workspaces/clients/09_glam-salon/01_meta-advertising
[Tue Apr 21 19:37:00 2026] 🔍 Auditing: workspaces/clients/02_mena-legal/01_compliance-audit
[Tue Apr 21 19:37:00 2026] 🔄 UPGRADE: Legacy version detected in SentinelLegalBrokerage.md. Flagging for self-upgrade.
[Tue Apr 21 19:37:00 2026] 🔄 UPGRADE: Legacy version detected in SentinelProjectManagement.md. Flagging for self-upgrade.
[Tue Apr 21 19:37:00 2026] 🔄 UPGRADE: Legacy version detected in AGENT.md. Flagging for self-upgrade.
[Tue Apr 21 19:37:00 2026] 🔄 UPGRADE: Legacy version detected in ComplianceOfficer.md. Flagging for self-upgrade.
[Tue Apr 21 19:37:00 2026] 🔍 Auditing: workspaces/clients/01_galeria/01_branding-redesign
[Tue Apr 21 19:37:00 2026] 🔍 Auditing: workspaces/personal/01_galeria-factory
[Tue Apr 21 19:37:00 2026] ✅ Master Maintenance Cycle COMPLETED. System Score: 100.0% OMEGA-11.
[Tue Apr 21 20:07:01 2026] 🚀 Starting Hierarchical Maintenance Cycle...
[Tue Apr 21 20:07:01 2026] 📊 Identified 10 active workspaces.
[Tue Apr 21 20:07:01 2026] 🔍 Auditing: workspaces/clients/03_cairo-villas/01_pre-construction
[Tue Apr 21 20:07:01 2026] 🔄 UPGRADE: Legacy version detected in SentinelProjectManagement.md. Flagging for self-upgrade.
[Tue Apr 21 20:07:01 2026] 🔍 Auditing: workspaces/clients/06_smart-cairo/01_digitization-feasibility
[Tue Apr 21 20:07:01 2026] 🔄 UPGRADE: Legacy version detected in SentinelLegalBrokerage.md. Flagging for self-upgrade.
[Tue Apr 21 20:07:01 2026] 🔍 Auditing: workspaces/clients/08_safari-experts/01_ai-visuals
[Tue Apr 21 20:07:01 2026] 🔍 Auditing: workspaces/clients/07_hotel-paradise/01_website-dev
[Tue Apr 21 20:07:01 2026] 🔍 Auditing: workspaces/clients/05_green-suez/01_wind-farm-feasibility
[Tue Apr 21 20:07:01 2026] 🔄 UPGRADE: Legacy version detected in SentinelLegalBrokerage.md. Flagging for self-upgrade.
[Tue Apr 21 20:07:01 2026] 🔄 UPGRADE: Legacy version detected in SentinelProjectManagement.md. Flagging for self-upgrade.
[Tue Apr 21 20:07:01 2026] 🔍 Auditing: workspaces/clients/04_delta-medical/01_clinical-trial-pipeline
[Tue Apr 21 20:07:01 2026] 🔄 UPGRADE: Legacy version detected in HealthConsultant.md. Flagging for self-upgrade.
[Tue Apr 21 20:07:01 2026] 🔄 UPGRADE: Legacy version detected in SentinelProjectManagement.md. Flagging for self-upgrade.
[Tue Apr 21 20:07:01 2026] 🔍 Auditing: workspaces/clients/09_glam-salon/01_meta-advertising
[Tue Apr 21 20:07:01 2026] 🔍 Auditing: workspaces/clients/02_mena-legal/01_compliance-audit
[Tue Apr 21 20:07:01 2026] 🔄 UPGRADE: Legacy version detected in SentinelLegalBrokerage.md. Flagging for self-upgrade.
[Tue Apr 21 20:07:01 2026] 🔄 UPGRADE: Legacy version detected in SentinelProjectManagement.md. Flagging for self-upgrade.
[Tue Apr 21 20:07:01 2026] 🔄 UPGRADE: Legacy version detected in AGENT.md. Flagging for self-upgrade.
[Tue Apr 21 20:07:01 2026] 🔄 UPGRADE: Legacy version detected in ComplianceOfficer.md. Flagging for self-upgrade.
[Tue Apr 21 20:07:01 2026] 🔍 Auditing: workspaces/clients/01_galeria/01_branding-redesign
[Tue Apr 21 20:07:01 2026] 🔍 Auditing: workspaces/personal/01_galeria-factory
[Tue Apr 21 20:07:01 2026] ✅ Master Maintenance Cycle COMPLETED. System Score: 100.0% OMEGA-11.
[Tue Apr 21 20:37:02 2026] 🚀 Starting Hierarchical Maintenance Cycle...
[Tue Apr 21 20:37:02 2026] 📊 Identified 11 active workspaces.
[Tue Apr 21 20:37:02 2026] 🔍 Auditing: workspaces/clients/03_cairo-villas/01_pre-construction
[Tue Apr 21 20:37:02 2026] 🔄 UPGRADE: Legacy version detected in SentinelProjectManagement.md. Flagging for self-upgrade.
[Tue Apr 21 20:37:02 2026] 🔍 Auditing: workspaces/clients/06_smart-cairo/01_digitization-feasibility
[Tue Apr 21 20:37:02 2026] 🔄 UPGRADE: Legacy version detected in SentinelLegalBrokerage.md. Flagging for self-upgrade.
[Tue Apr 21 20:37:02 2026] 🔍 Auditing: workspaces/clients/08_safari-experts/01_ai-visuals
[Tue Apr 21 20:37:02 2026] 🔍 Auditing: workspaces/clients/07_hotel-paradise/01_website-dev
[Tue Apr 21 20:37:02 2026] 🔍 Auditing: workspaces/clients/02_egyptian_legacy/001_website-revamp
[Tue Apr 21 20:37:02 2026] 🔧 HEAL: Missing state.json in 001_website-revamp. Initializing stub...
[Tue Apr 21 20:37:02 2026] 🔍 Auditing: workspaces/clients/05_green-suez/01_wind-farm-feasibility
[Tue Apr 21 20:37:02 2026] 🔄 UPGRADE: Legacy version detected in SentinelLegalBrokerage.md. Flagging for self-upgrade.
[Tue Apr 21 20:37:02 2026] 🔄 UPGRADE: Legacy version detected in SentinelProjectManagement.md. Flagging for self-upgrade.
[Tue Apr 21 20:37:02 2026] 🔍 Auditing: workspaces/clients/04_delta-medical/01_clinical-trial-pipeline
[Tue Apr 21 20:37:02 2026] 🔄 UPGRADE: Legacy version detected in HealthConsultant.md. Flagging for self-upgrade.
[Tue Apr 21 20:37:02 2026] 🔄 UPGRADE: Legacy version detected in SentinelProjectManagement.md. Flagging for self-upgrade.
[Tue Apr 21 20:37:02 2026] 🔍 Auditing: workspaces/clients/09_glam-salon/01_meta-advertising
[Tue Apr 21 20:37:02 2026] 🔍 Auditing: workspaces/clients/02_mena-legal/01_compliance-audit
[Tue Apr 21 20:37:02 2026] 🔄 UPGRADE: Legacy version detected in SentinelLegalBrokerage.md. Flagging for self-upgrade.
[Tue Apr 21 20:37:02 2026] 🔄 UPGRADE: Legacy version detected in SentinelProjectManagement.md. Flagging for self-upgrade.
[Tue Apr 21 20:37:02 2026] 🔄 UPGRADE: Legacy version detected in AGENT.md. Flagging for self-upgrade.
[Tue Apr 21 20:37:02 2026] 🔄 UPGRADE: Legacy version detected in ComplianceOfficer.md. Flagging for self-upgrade.
[Tue Apr 21 20:37:02 2026] 🔍 Auditing: workspaces/clients/01_galeria/01_branding-redesign
[Tue Apr 21 20:37:02 2026] 🔍 Auditing: workspaces/personal/01_galeria-factory
[Tue Apr 21 20:37:02 2026] ✅ Master Maintenance Cycle COMPLETED. System Score: 100.0% OMEGA-11.
[Tue Apr 21 21:07:02 2026] 🚀 Starting Hierarchical Maintenance Cycle...
[Tue Apr 21 21:07:02 2026] 📊 Identified 12 active workspaces.
[Tue Apr 21 21:07:02 2026] 🔍 Auditing: workspaces/clients/03_cairo-villas/01_pre-construction
[Tue Apr 21 21:07:02 2026] 🔄 UPGRADE: Legacy version detected in SentinelProjectManagement.md. Flagging for self-upgrade.
[Tue Apr 21 21:07:02 2026] 🔍 Auditing: workspaces/clients/06_smart-cairo/01_digitization-feasibility
[Tue Apr 21 21:07:02 2026] 🔄 UPGRADE: Legacy version detected in SentinelLegalBrokerage.md. Flagging for self-upgrade.
[Tue Apr 21 21:07:02 2026] 🔍 Auditing: workspaces/clients/03_mena_legal/001_compliance-audit
[Tue Apr 21 21:07:02 2026] 🔧 HEAL: Missing state.json in 001_compliance-audit. Initializing stub...
[Tue Apr 21 21:07:02 2026] 🔍 Auditing: workspaces/clients/08_safari-experts/01_ai-visuals
[Tue Apr 21 21:07:02 2026] 🔍 Auditing: workspaces/clients/07_hotel-paradise/01_website-dev
[Tue Apr 21 21:07:02 2026] 🔍 Auditing: workspaces/clients/02_egyptian_legacy/001_website-revamp
[Tue Apr 21 21:07:02 2026] 🔍 Auditing: workspaces/clients/05_green-suez/01_wind-farm-feasibility
[Tue Apr 21 21:07:02 2026] 🔄 UPGRADE: Legacy version detected in SentinelLegalBrokerage.md. Flagging for self-upgrade.
[Tue Apr 21 21:07:02 2026] 🔄 UPGRADE: Legacy version detected in SentinelProjectManagement.md. Flagging for self-upgrade.
[Tue Apr 21 21:07:02 2026] 🔍 Auditing: workspaces/clients/04_delta-medical/01_clinical-trial-pipeline
[Tue Apr 21 21:07:02 2026] 🔄 UPGRADE: Legacy version detected in HealthConsultant.md. Flagging for self-upgrade.
[Tue Apr 21 21:07:02 2026] 🔄 UPGRADE: Legacy version detected in SentinelProjectManagement.md. Flagging for self-upgrade.
[Tue Apr 21 21:07:02 2026] 🔍 Auditing: workspaces/clients/09_glam-salon/01_meta-advertising
[Tue Apr 21 21:07:02 2026] 🔍 Auditing: workspaces/clients/02_mena-legal/01_compliance-audit
[Tue Apr 21 21:07:02 2026] 🔄 UPGRADE: Legacy version detected in SentinelLegalBrokerage.md. Flagging for self-upgrade.
[Tue Apr 21 21:07:02 2026] 🔄 UPGRADE: Legacy version detected in SentinelProjectManagement.md. Flagging for self-upgrade.
[Tue Apr 21 21:07:02 2026] 🔄 UPGRADE: Legacy version detected in AGENT.md. Flagging for self-upgrade.
[Tue Apr 21 21:07:02 2026] 🔄 UPGRADE: Legacy version detected in ComplianceOfficer.md. Flagging for self-upgrade.
[Tue Apr 21 21:07:02 2026] 🔍 Auditing: workspaces/clients/01_galeria/01_branding-redesign
[Tue Apr 21 21:07:02 2026] 🔍 Auditing: workspaces/personal/01_galeria-factory
[Tue Apr 21 21:07:02 2026] ✅ Master Maintenance Cycle COMPLETED. System Score: 100.0% OMEGA-11.
[Tue Apr 21 21:37:03 2026] 🚀 Starting Hierarchical Maintenance Cycle...
[Tue Apr 21 21:37:03 2026] 📊 Identified 12 active workspaces.
[Tue Apr 21 21:37:03 2026] 🔍 Auditing: workspaces/clients/03_cairo-villas/01_pre-construction
[Tue Apr 21 21:37:03 2026] 🔄 UPGRADE: Legacy version detected in SentinelProjectManagement.md. Flagging for self-upgrade.
[Tue Apr 21 21:37:03 2026] 🔍 Auditing: workspaces/clients/06_smart-cairo/01_digitization-feasibility
[Tue Apr 21 21:37:03 2026] 🔄 UPGRADE: Legacy version detected in SentinelLegalBrokerage.md. Flagging for self-upgrade.
[Tue Apr 21 21:37:03 2026] 🔍 Auditing: workspaces/clients/03_mena_legal/001_compliance-audit
[Tue Apr 21 21:37:03 2026] 🔍 Auditing: workspaces/clients/08_safari-experts/01_ai-visuals
[Tue Apr 21 21:37:03 2026] 🔍 Auditing: workspaces/clients/07_hotel-paradise/01_website-dev
[Tue Apr 21 21:37:03 2026] 🔍 Auditing: workspaces/clients/02_egyptian_legacy/001_website-revamp
[Tue Apr 21 21:37:03 2026] 🔍 Auditing: workspaces/clients/05_green-suez/01_wind-farm-feasibility
[Tue Apr 21 21:37:03 2026] 🔄 UPGRADE: Legacy version detected in SentinelLegalBrokerage.md. Flagging for self-upgrade.
[Tue Apr 21 21:37:03 2026] 🔄 UPGRADE: Legacy version detected in SentinelProjectManagement.md. Flagging for self-upgrade.
[Tue Apr 21 21:37:03 2026] 🔍 Auditing: workspaces/clients/04_delta-medical/01_clinical-trial-pipeline
[Tue Apr 21 21:37:03 2026] 🔄 UPGRADE: Legacy version detected in HealthConsultant.md. Flagging for self-upgrade.
[Tue Apr 21 21:37:03 2026] 🔄 UPGRADE: Legacy version detected in SentinelProjectManagement.md. Flagging for self-upgrade.
[Tue Apr 21 21:37:03 2026] 🔍 Auditing: workspaces/clients/09_glam-salon/01_meta-advertising
[Tue Apr 21 21:37:03 2026] 🔍 Auditing: workspaces/clients/02_mena-legal/01_compliance-audit
[Tue Apr 21 21:37:03 2026] 🔄 UPGRADE: Legacy version detected in SentinelLegalBrokerage.md. Flagging for self-upgrade.
[Tue Apr 21 21:37:03 2026] 🔄 UPGRADE: Legacy version detected in SentinelProjectManagement.md. Flagging for self-upgrade.
[Tue Apr 21 21:37:03 2026] 🔄 UPGRADE: Legacy version detected in AGENT.md. Flagging for self-upgrade.
[Tue Apr 21 21:37:03 2026] 🔄 UPGRADE: Legacy version detected in ComplianceOfficer.md. Flagging for self-upgrade.
[Tue Apr 21 21:37:03 2026] 🔍 Auditing: workspaces/clients/01_galeria/01_branding-redesign
[Tue Apr 21 21:37:03 2026] 🔍 Auditing: workspaces/personal/01_galeria-factory
[Tue Apr 21 21:37:03 2026] ✅ Master Maintenance Cycle COMPLETED. System Score: 100.0% OMEGA-11.
[Tue Apr 21 22:07:04 2026] 🚀 Starting Hierarchical Maintenance Cycle...
[Tue Apr 21 22:07:04 2026] 📊 Identified 0 active workspaces.
[Tue Apr 21 22:07:04 2026] ✅ Master Maintenance Cycle COMPLETED. System Score: 100.0% OMEGA-11.
[Tue Apr 21 22:37:04 2026] 🚀 Starting Hierarchical Maintenance Cycle...
[Tue Apr 21 22:37:04 2026] 📊 Identified 0 active workspaces.
[Tue Apr 21 22:37:04 2026] ✅ Master Maintenance Cycle COMPLETED. System Score: 100.0% OMEGA-11.
[Tue Apr 21 23:07:05 2026] 🚀 Starting Hierarchical Maintenance Cycle...
[Tue Apr 21 23:07:05 2026] 📊 Identified 0 active workspaces.
[Tue Apr 21 23:07:05 2026] ✅ Master Maintenance Cycle COMPLETED. System Score: 100.0% OMEGA-11.
[Tue Apr 21 23:37:05 2026] 🚀 Starting Hierarchical Maintenance Cycle...
[Tue Apr 21 23:37:05 2026] 📊 Identified 0 active workspaces.
[Tue Apr 21 23:37:05 2026] ✅ Master Maintenance Cycle COMPLETED. System Score: 100.0% OMEGA-11.
[Wed Apr 22 00:07:05 2026] 🚀 Starting Hierarchical Maintenance Cycle...
[Wed Apr 22 00:07:05 2026] 📊 Identified 0 active workspaces.
[Wed Apr 22 00:07:05 2026] ✅ Master Maintenance Cycle COMPLETED. System Score: 100.0% OMEGA-11.
[Wed Apr 22 00:37:07 2026] 🚀 Starting Hierarchical Maintenance Cycle...
[Wed Apr 22 00:37:07 2026] 📊 Identified 0 active workspaces.
[Wed Apr 22 00:37:07 2026] ✅ Master Maintenance Cycle COMPLETED. System Score: 100.0% OMEGA-11.
[Wed Apr 22 01:07:07 2026] 🚀 Starting Hierarchical Maintenance Cycle...
[Wed Apr 22 01:07:07 2026] 📊 Identified 0 active workspaces.
[Wed Apr 22 01:07:07 2026] ✅ Master Maintenance Cycle COMPLETED. System Score: 100.0% OMEGA-11.
[Wed Apr 22 01:37:08 2026] 🚀 Starting Hierarchical Maintenance Cycle...
[Wed Apr 22 01:37:08 2026] 📊 Identified 1 active workspaces.
[Wed Apr 22 01:37:08 2026] 🔍 Auditing: workspaces/clients/green_energy/001_solar_tech
[Wed Apr 22 01:37:08 2026] 🔧 HEAL: Missing state.json in 001_solar_tech. Initializing stub...
[Wed Apr 22 01:37:08 2026] ✅ Master Maintenance Cycle COMPLETED. System Score: 100.0% OMEGA-11.
[Wed Apr 22 02:07:08 2026] 🚀 Starting Hierarchical Maintenance Cycle...
[Wed Apr 22 02:07:08 2026] 📊 Identified 1 active workspaces.
[Wed Apr 22 02:07:08 2026] 🔍 Auditing: workspaces/clients/green_energy/001_solar_tech
[Wed Apr 22 02:07:08 2026] ✅ Master Maintenance Cycle COMPLETED. System Score: 100.0% OMEGA-11.
[Wed Apr 22 02:37:08 2026] 🚀 Starting Hierarchical Maintenance Cycle...
[Wed Apr 22 02:37:08 2026] 📊 Identified 1 active workspaces.
[Wed Apr 22 02:37:08 2026] 🔍 Auditing: workspaces/clients/green_energy/001_solar_tech
[Wed Apr 22 02:37:08 2026] ✅ Master Maintenance Cycle COMPLETED. System Score: 100.0% OMEGA-11.
[Wed Apr 22 03:07:09 2026] 🚀 Starting Hierarchical Maintenance Cycle...
[Wed Apr 22 03:07:09 2026] 📊 Identified 1 active workspaces.
[Wed Apr 22 03:07:09 2026] 🔍 Auditing: workspaces/clients/green_energy/001_solar_tech
[Wed Apr 22 03:07:09 2026] ✅ Master Maintenance Cycle COMPLETED. System Score: 100.0% OMEGA-11.
[Wed Apr 22 03:37:09 2026] 🚀 Starting Hierarchical Maintenance Cycle...
[Wed Apr 22 03:37:09 2026] 📊 Identified 1 active workspaces.
[Wed Apr 22 03:37:09 2026] 🔍 Auditing: workspaces/clients/green_energy/001_solar_tech
[Wed Apr 22 03:37:09 2026] ✅ Master Maintenance Cycle COMPLETED. System Score: 100.0% OMEGA-11.
[Wed Apr 22 04:07:10 2026] 🚀 Starting Hierarchical Maintenance Cycle...
[Wed Apr 22 04:07:10 2026] 📊 Identified 1 active workspaces.
[Wed Apr 22 04:07:10 2026] 🔍 Auditing: workspaces/clients/green_energy/001_solar_tech
[Wed Apr 22 04:07:10 2026] ✅ Master Maintenance Cycle COMPLETED. System Score: 100.0% OMEGA-11.
[Wed Apr 22 05:07:07 2026] 🚀 Starting Hierarchical Maintenance Cycle...
[Wed Apr 22 05:07:07 2026] 📊 Identified 1 active workspaces.
[Wed Apr 22 05:07:07 2026] 🔍 Auditing: workspaces/clients/green_energy/001_solar_tech
[Wed Apr 22 05:07:07 2026] ✅ Master Maintenance Cycle COMPLETED. System Score: 100.0% OMEGA-11.
[Wed Apr 22 05:37:08 2026] 🚀 Starting Hierarchical Maintenance Cycle...
[Wed Apr 22 05:37:08 2026] 📊 Identified 1 active workspaces.
[Wed Apr 22 05:37:08 2026] 🔍 Auditing: workspaces/clients/green_energy/001_solar_tech
[Wed Apr 22 05:37:08 2026] ✅ Master Maintenance Cycle COMPLETED. System Score: 100.0% OMEGA-11.
[Wed Apr 22 06:58:25 2026] 🚀 Starting Hierarchical Maintenance Cycle...
[Wed Apr 22 06:58:25 2026] 📊 Identified 1 active workspaces.
[Wed Apr 22 06:58:25 2026] 🔍 Auditing: workspaces/clients/green_energy/001_solar_tech
[Wed Apr 22 06:58:25 2026] ✅ Master Maintenance Cycle COMPLETED. System Score: 100.0% OMEGA-11.
