Traceback (most recent call last):
  File "/Users/Dorgham/Documents/Work/Devleopment/Galeria/Galeria Workspace Factory/master/.ai/scripts/master_watchdog.py", line 6, in <module>
    import requests
ModuleNotFoundError: No module named 'requests'
Traceback (most recent call last):
  File "/Users/Dorgham/Documents/Work/Devleopment/Galeria/Galeria Workspace Factory/master/.ai/scripts/master_watchdog.py", line 6, in <module>
    import requests
ModuleNotFoundError: No module named 'requests'
/Users/Dorgham/Documents/Work/Devleopment/Galeria/Galeria Workspace Factory/dashboard/.venv/lib/python3.9/site-packages/urllib3/__init__.py:35: NotOpenSSLWarning: urllib3 v2 only supports OpenSSL 1.1.1+, currently the 'ssl' module is compiled with 'LibreSSL 2.8.3'. See: https://github.com/urllib3/urllib3/issues/3020
  warnings.warn(
[2026-04-21T12:36:54.279423+00:00] Starting aggregation sync...
Sync complete. Aggregated 7 workspaces.
[Tue Apr 21 14:36:54 2026] 🚀 Starting Hierarchical Maintenance Cycle...
[Tue Apr 21 14:36:54 2026] 📊 Identified 7 active workspaces.
[Tue Apr 21 14:36:54 2026] 🔍 Auditing: workspaces/clients/03_cairo-villas/01_pre-construction
[Tue Apr 21 14:36:54 2026] 🔄 UPGRADE: Legacy version detected in SentinelProjectManagement.md. Flagging for self-upgrade.
[Tue Apr 21 14:36:54 2026] 🔍 Auditing: workspaces/clients/06_smart-cairo/01_digitization-feasibility
[Tue Apr 21 14:36:54 2026] 🔄 UPGRADE: Legacy version detected in SentinelLegalBrokerage.md. Flagging for self-upgrade.
[Tue Apr 21 14:36:54 2026] 🔍 Auditing: workspaces/clients/05_green-suez/01_wind-farm-feasibility
[Tue Apr 21 14:36:54 2026] 🔄 UPGRADE: Legacy version detected in SentinelLegalBrokerage.md. Flagging for self-upgrade.
[Tue Apr 21 14:36:54 2026] 🔄 UPGRADE: Legacy version detected in SentinelProjectManagement.md. Flagging for self-upgrade.
[Tue Apr 21 14:36:54 2026] 🔍 Auditing: workspaces/clients/04_delta-medical/01_clinical-trial-pipeline
[Tue Apr 21 14:36:54 2026] 🔄 UPGRADE: Legacy version detected in HealthConsultant.md. Flagging for self-upgrade.
[Tue Apr 21 14:36:54 2026] 🔄 UPGRADE: Legacy version detected in SentinelProjectManagement.md. Flagging for self-upgrade.
[Tue Apr 21 14:36:54 2026] 🔍 Auditing: workspaces/clients/02_mena-legal/01_compliance-audit
[Tue Apr 21 14:36:54 2026] 🔄 UPGRADE: Legacy version detected in SentinelLegalBrokerage.md. Flagging for self-upgrade.
[Tue Apr 21 14:36:54 2026] 🔄 UPGRADE: Legacy version detected in SentinelProjectManagement.md. Flagging for self-upgrade.
[Tue Apr 21 14:36:54 2026] 🔄 UPGRADE: Legacy version detected in AGENT.md. Flagging for self-upgrade.
[Tue Apr 21 14:36:54 2026] 🔄 UPGRADE: Legacy version detected in ComplianceOfficer.md. Flagging for self-upgrade.
[Tue Apr 21 14:36:54 2026] 🔍 Auditing: workspaces/clients/01_galeria/01_branding-redesign
[Tue Apr 21 14:36:54 2026] 🔍 Auditing: workspaces/personal/01_galeria-factory
[Tue Apr 21 14:36:54 2026] ✅ Master Maintenance Cycle COMPLETED. System Score: 100.0% OMEGA-11.
[2026-04-21T13:06:54.746575+00:00] Starting aggregation sync...
Sync complete. Aggregated 7 workspaces.
[Tue Apr 21 15:06:55 2026] 🚀 Starting Hierarchical Maintenance Cycle...
[Tue Apr 21 15:06:55 2026] 📊 Identified 7 active workspaces.
[Tue Apr 21 15:06:55 2026] 🔍 Auditing: workspaces/clients/03_cairo-villas/01_pre-construction
[Tue Apr 21 15:06:55 2026] 🔄 UPGRADE: Legacy version detected in SentinelProjectManagement.md. Flagging for self-upgrade.
[Tue Apr 21 15:06:55 2026] 🔍 Auditing: workspaces/clients/06_smart-cairo/01_digitization-feasibility
[Tue Apr 21 15:06:55 2026] 🔄 UPGRADE: Legacy version detected in SentinelLegalBrokerage.md. Flagging for self-upgrade.
[Tue Apr 21 15:06:55 2026] 🔍 Auditing: workspaces/clients/05_green-suez/01_wind-farm-feasibility
[Tue Apr 21 15:06:55 2026] 🔄 UPGRADE: Legacy version detected in SentinelLegalBrokerage.md. Flagging for self-upgrade.
[Tue Apr 21 15:06:55 2026] 🔄 UPGRADE: Legacy version detected in SentinelProjectManagement.md. Flagging for self-upgrade.
[Tue Apr 21 15:06:55 2026] 🔍 Auditing: workspaces/clients/04_delta-medical/01_clinical-trial-pipeline
[Tue Apr 21 15:06:55 2026] 🔄 UPGRADE: Legacy version detected in HealthConsultant.md. Flagging for self-upgrade.
[Tue Apr 21 15:06:55 2026] 🔄 UPGRADE: Legacy version detected in SentinelProjectManagement.md. Flagging for self-upgrade.
[Tue Apr 21 15:06:55 2026] 🔍 Auditing: workspaces/clients/02_mena-legal/01_compliance-audit
[Tue Apr 21 15:06:55 2026] 🔄 UPGRADE: Legacy version detected in SentinelLegalBrokerage.md. Flagging for self-upgrade.
[Tue Apr 21 15:06:55 2026] 🔄 UPGRADE: Legacy version detected in SentinelProjectManagement.md. Flagging for self-upgrade.
[Tue Apr 21 15:06:55 2026] 🔄 UPGRADE: Legacy version detected in AGENT.md. Flagging for self-upgrade.
[Tue Apr 21 15:06:55 2026] 🔄 UPGRADE: Legacy version detected in ComplianceOfficer.md. Flagging for self-upgrade.
[Tue Apr 21 15:06:55 2026] 🔍 Auditing: workspaces/clients/01_galeria/01_branding-redesign
[Tue Apr 21 15:06:55 2026] 🔍 Auditing: workspaces/personal/01_galeria-factory
[Tue Apr 21 15:06:55 2026] ✅ Master Maintenance Cycle COMPLETED. System Score: 100.0% OMEGA-11.
[2026-04-21T13:36:55.611718+00:00] Starting aggregation sync...
Sync complete. Aggregated 7 workspaces.
[Tue Apr 21 15:36:55 2026] 🚀 Starting Hierarchical Maintenance Cycle...
[Tue Apr 21 15:36:55 2026] 📊 Identified 7 active workspaces.
[Tue Apr 21 15:36:55 2026] 🔍 Auditing: workspaces/clients/03_cairo-villas/01_pre-construction
[Tue Apr 21 15:36:55 2026] 🔄 UPGRADE: Legacy version detected in SentinelProjectManagement.md. Flagging for self-upgrade.
[Tue Apr 21 15:36:55 2026] 🔍 Auditing: workspaces/clients/06_smart-cairo/01_digitization-feasibility
[Tue Apr 21 15:36:55 2026] 🔄 UPGRADE: Legacy version detected in SentinelLegalBrokerage.md. Flagging for self-upgrade.
[Tue Apr 21 15:36:55 2026] 🔍 Auditing: workspaces/clients/05_green-suez/01_wind-farm-feasibility
[Tue Apr 21 15:36:55 2026] 🔄 UPGRADE: Legacy version detected in SentinelLegalBrokerage.md. Flagging for self-upgrade.
[Tue Apr 21 15:36:55 2026] 🔄 UPGRADE: Legacy version detected in SentinelProjectManagement.md. Flagging for self-upgrade.
[Tue Apr 21 15:36:55 2026] 🔍 Auditing: workspaces/clients/04_delta-medical/01_clinical-trial-pipeline
[Tue Apr 21 15:36:55 2026] 🔄 UPGRADE: Legacy version detected in HealthConsultant.md. Flagging for self-upgrade.
[Tue Apr 21 15:36:55 2026] 🔄 UPGRADE: Legacy version detected in SentinelProjectManagement.md. Flagging for self-upgrade.
[Tue Apr 21 15:36:55 2026] 🔍 Auditing: workspaces/clients/02_mena-legal/01_compliance-audit
[Tue Apr 21 15:36:55 2026] 🔄 UPGRADE: Legacy version detected in SentinelLegalBrokerage.md. Flagging for self-upgrade.
[Tue Apr 21 15:36:55 2026] 🔄 UPGRADE: Legacy version detected in SentinelProjectManagement.md. Flagging for self-upgrade.
[Tue Apr 21 15:36:55 2026] 🔄 UPGRADE: Legacy version detected in AGENT.md. Flagging for self-upgrade.
[Tue Apr 21 15:36:55 2026] 🔄 UPGRADE: Legacy version detected in ComplianceOfficer.md. Flagging for self-upgrade.
[Tue Apr 21 15:36:55 2026] 🔍 Auditing: workspaces/clients/01_galeria/01_branding-redesign
[Tue Apr 21 15:36:55 2026] 🔍 Auditing: workspaces/personal/01_galeria-factory
[Tue Apr 21 15:36:55 2026] ✅ Master Maintenance Cycle COMPLETED. System Score: 100.0% OMEGA-11.
[2026-04-21T14:06:56.436369+00:00] Starting aggregation sync...
Sync complete. Aggregated 10 workspaces.
[Tue Apr 21 16:06:56 2026] 🚀 Starting Hierarchical Maintenance Cycle...
[Tue Apr 21 16:06:56 2026] 📊 Identified 10 active workspaces.
[Tue Apr 21 16:06:56 2026] 🔍 Auditing: workspaces/clients/03_cairo-villas/01_pre-construction
[Tue Apr 21 16:06:56 2026] 🔄 UPGRADE: Legacy version detected in SentinelProjectManagement.md. Flagging for self-upgrade.
[Tue Apr 21 16:06:56 2026] 🔍 Auditing: workspaces/clients/06_smart-cairo/01_digitization-feasibility
[Tue Apr 21 16:06:56 2026] 🔄 UPGRADE: Legacy version detected in SentinelLegalBrokerage.md. Flagging for self-upgrade.
[Tue Apr 21 16:06:56 2026] 🔍 Auditing: workspaces/clients/08_safari-experts/01_ai-visuals
[Tue Apr 21 16:06:56 2026] 🔧 HEAL: Missing state.json in 01_ai-visuals. Initializing stub...
[Tue Apr 21 16:06:56 2026] 🔍 Auditing: workspaces/clients/07_hotel-paradise/01_website-dev
[Tue Apr 21 16:06:56 2026] 🔧 HEAL: Missing state.json in 01_website-dev. Initializing stub...
[Tue Apr 21 16:06:56 2026] 🔍 Auditing: workspaces/clients/05_green-suez/01_wind-farm-feasibility
[Tue Apr 21 16:06:56 2026] 🔄 UPGRADE: Legacy version detected in SentinelLegalBrokerage.md. Flagging for self-upgrade.
[Tue Apr 21 16:06:56 2026] 🔄 UPGRADE: Legacy version detected in SentinelProjectManagement.md. Flagging for self-upgrade.
[Tue Apr 21 16:06:56 2026] 🔍 Auditing: workspaces/clients/04_delta-medical/01_clinical-trial-pipeline
[Tue Apr 21 16:06:56 2026] 🔄 UPGRADE: Legacy version detected in HealthConsultant.md. Flagging for self-upgrade.
[Tue Apr 21 16:06:56 2026] 🔄 UPGRADE: Legacy version detected in SentinelProjectManagement.md. Flagging for self-upgrade.
[Tue Apr 21 16:06:56 2026] 🔍 Auditing: workspaces/clients/09_glam-salon/01_meta-advertising
[Tue Apr 21 16:06:56 2026] 🔧 HEAL: Missing state.json in 01_meta-advertising. Initializing stub...
[Tue Apr 21 16:06:56 2026] 🔍 Auditing: workspaces/clients/02_mena-legal/01_compliance-audit
[Tue Apr 21 16:06:56 2026] 🔄 UPGRADE: Legacy version detected in SentinelLegalBrokerage.md. Flagging for self-upgrade.
[Tue Apr 21 16:06:56 2026] 🔄 UPGRADE: Legacy version detected in SentinelProjectManagement.md. Flagging for self-upgrade.
[Tue Apr 21 16:06:56 2026] 🔄 UPGRADE: Legacy version detected in AGENT.md. Flagging for self-upgrade.
[Tue Apr 21 16:06:56 2026] 🔄 UPGRADE: Legacy version detected in ComplianceOfficer.md. Flagging for self-upgrade.
[Tue Apr 21 16:06:56 2026] 🔍 Auditing: workspaces/clients/01_galeria/01_branding-redesign
[Tue Apr 21 16:06:56 2026] 🔍 Auditing: workspaces/personal/01_galeria-factory
[Tue Apr 21 16:06:56 2026] ✅ Master Maintenance Cycle COMPLETED. System Score: 100.0% OMEGA-11.
[2026-04-21T14:36:57.082400+00:00] Starting aggregation sync...
Sync complete. Aggregated 10 workspaces.
[Tue Apr 21 16:36:57 2026] 🚀 Starting Hierarchical Maintenance Cycle...
[Tue Apr 21 16:36:57 2026] 📊 Identified 10 active workspaces.
[Tue Apr 21 16:36:57 2026] 🔍 Auditing: workspaces/clients/03_cairo-villas/01_pre-construction
[Tue Apr 21 16:36:57 2026] 🔄 UPGRADE: Legacy version detected in SentinelProjectManagement.md. Flagging for self-upgrade.
[Tue Apr 21 16:36:57 2026] 🔍 Auditing: workspaces/clients/06_smart-cairo/01_digitization-feasibility
[Tue Apr 21 16:36:57 2026] 🔄 UPGRADE: Legacy version detected in SentinelLegalBrokerage.md. Flagging for self-upgrade.
[Tue Apr 21 16:36:57 2026] 🔍 Auditing: workspaces/clients/08_safari-experts/01_ai-visuals
[Tue Apr 21 16:36:57 2026] 🔍 Auditing: workspaces/clients/07_hotel-paradise/01_website-dev
[Tue Apr 21 16:36:57 2026] 🔍 Auditing: workspaces/clients/05_green-suez/01_wind-farm-feasibility
[Tue Apr 21 16:36:57 2026] 🔄 UPGRADE: Legacy version detected in SentinelLegalBrokerage.md. Flagging for self-upgrade.
[Tue Apr 21 16:36:57 2026] 🔄 UPGRADE: Legacy version detected in SentinelProjectManagement.md. Flagging for self-upgrade.
[Tue Apr 21 16:36:57 2026] 🔍 Auditing: workspaces/clients/04_delta-medical/01_clinical-trial-pipeline
[Tue Apr 21 16:36:57 2026] 🔄 UPGRADE: Legacy version detected in HealthConsultant.md. Flagging for self-upgrade.
[Tue Apr 21 16:36:57 2026] 🔄 UPGRADE: Legacy version detected in SentinelProjectManagement.md. Flagging for self-upgrade.
[Tue Apr 21 16:36:57 2026] 🔍 Auditing: workspaces/clients/09_glam-salon/01_meta-advertising
[Tue Apr 21 16:36:57 2026] 🔍 Auditing: workspaces/clients/02_mena-legal/01_compliance-audit
[Tue Apr 21 16:36:57 2026] 🔄 UPGRADE: Legacy version detected in SentinelLegalBrokerage.md. Flagging for self-upgrade.
[Tue Apr 21 16:36:57 2026] 🔄 UPGRADE: Legacy version detected in SentinelProjectManagement.md. Flagging for self-upgrade.
[Tue Apr 21 16:36:57 2026] 🔄 UPGRADE: Legacy version detected in AGENT.md. Flagging for self-upgrade.
[Tue Apr 21 16:36:57 2026] 🔄 UPGRADE: Legacy version detected in ComplianceOfficer.md. Flagging for self-upgrade.
[Tue Apr 21 16:36:57 2026] 🔍 Auditing: workspaces/clients/01_galeria/01_branding-redesign
[Tue Apr 21 16:36:57 2026] 🔍 Auditing: workspaces/personal/01_galeria-factory
[Tue Apr 21 16:36:57 2026] ✅ Master Maintenance Cycle COMPLETED. System Score: 100.0% OMEGA-11.
[2026-04-21T15:06:57.704464+00:00] Starting aggregation sync...
Sync complete. Aggregated 10 workspaces.
[Tue Apr 21 17:06:57 2026] 🚀 Starting Hierarchical Maintenance Cycle...
[Tue Apr 21 17:06:57 2026] 📊 Identified 10 active workspaces.
[Tue Apr 21 17:06:57 2026] 🔍 Auditing: workspaces/clients/03_cairo-villas/01_pre-construction
[Tue Apr 21 17:06:57 2026] 🔄 UPGRADE: Legacy version detected in SentinelProjectManagement.md. Flagging for self-upgrade.
[Tue Apr 21 17:06:57 2026] 🔍 Auditing: workspaces/clients/06_smart-cairo/01_digitization-feasibility
[Tue Apr 21 17:06:57 2026] 🔄 UPGRADE: Legacy version detected in SentinelLegalBrokerage.md. Flagging for self-upgrade.
[Tue Apr 21 17:06:57 2026] 🔍 Auditing: workspaces/clients/08_safari-experts/01_ai-visuals
[Tue Apr 21 17:06:57 2026] 🔍 Auditing: workspaces/clients/07_hotel-paradise/01_website-dev
[Tue Apr 21 17:06:57 2026] 🔍 Auditing: workspaces/clients/05_green-suez/01_wind-farm-feasibility
[Tue Apr 21 17:06:57 2026] 🔄 UPGRADE: Legacy version detected in SentinelLegalBrokerage.md. Flagging for self-upgrade.
[Tue Apr 21 17:06:57 2026] 🔄 UPGRADE: Legacy version detected in SentinelProjectManagement.md. Flagging for self-upgrade.
[Tue Apr 21 17:06:57 2026] 🔍 Auditing: workspaces/clients/04_delta-medical/01_clinical-trial-pipeline
[Tue Apr 21 17:06:57 2026] 🔄 UPGRADE: Legacy version detected in HealthConsultant.md. Flagging for self-upgrade.
[Tue Apr 21 17:06:57 2026] 🔄 UPGRADE: Legacy version detected in SentinelProjectManagement.md. Flagging for self-upgrade.
[Tue Apr 21 17:06:57 2026] 🔍 Auditing: workspaces/clients/09_glam-salon/01_meta-advertising
[Tue Apr 21 17:06:57 2026] 🔍 Auditing: workspaces/clients/02_mena-legal/01_compliance-audit
[Tue Apr 21 17:06:57 2026] 🔄 UPGRADE: Legacy version detected in SentinelLegalBrokerage.md. Flagging for self-upgrade.
[Tue Apr 21 17:06:57 2026] 🔄 UPGRADE: Legacy version detected in SentinelProjectManagement.md. Flagging for self-upgrade.
[Tue Apr 21 17:06:57 2026] 🔄 UPGRADE: Legacy version detected in AGENT.md. Flagging for self-upgrade.
[Tue Apr 21 17:06:57 2026] 🔄 UPGRADE: Legacy version detected in ComplianceOfficer.md. Flagging for self-upgrade.
[Tue Apr 21 17:06:57 2026] 🔍 Auditing: workspaces/clients/01_galeria/01_branding-redesign
[Tue Apr 21 17:06:57 2026] 🔍 Auditing: workspaces/personal/01_galeria-factory
[Tue Apr 21 17:06:57 2026] ✅ Master Maintenance Cycle COMPLETED. System Score: 100.0% OMEGA-11.
[2026-04-21T15:36:58.267098+00:00] Starting aggregation sync...
Sync complete. Aggregated 10 workspaces.
[Tue Apr 21 17:36:58 2026] 🚀 Starting Hierarchical Maintenance Cycle...
[Tue Apr 21 17:36:58 2026] 📊 Identified 10 active workspaces.
[Tue Apr 21 17:36:58 2026] 🔍 Auditing: workspaces/clients/03_cairo-villas/01_pre-construction
[Tue Apr 21 17:36:58 2026] 🔄 UPGRADE: Legacy version detected in SentinelProjectManagement.md. Flagging for self-upgrade.
[Tue Apr 21 17:36:58 2026] 🔍 Auditing: workspaces/clients/06_smart-cairo/01_digitization-feasibility
[Tue Apr 21 17:36:58 2026] 🔄 UPGRADE: Legacy version detected in SentinelLegalBrokerage.md. Flagging for self-upgrade.
[Tue Apr 21 17:36:58 2026] 🔍 Auditing: workspaces/clients/08_safari-experts/01_ai-visuals
[Tue Apr 21 17:36:58 2026] 🔍 Auditing: workspaces/clients/07_hotel-paradise/01_website-dev
[Tue Apr 21 17:36:58 2026] 🔍 Auditing: workspaces/clients/05_green-suez/01_wind-farm-feasibility
[Tue Apr 21 17:36:58 2026] 🔄 UPGRADE: Legacy version detected in SentinelLegalBrokerage.md. Flagging for self-upgrade.
[Tue Apr 21 17:36:58 2026] 🔄 UPGRADE: Legacy version detected in SentinelProjectManagement.md. Flagging for self-upgrade.
[Tue Apr 21 17:36:58 2026] 🔍 Auditing: workspaces/clients/04_delta-medical/01_clinical-trial-pipeline
[Tue Apr 21 17:36:58 2026] 🔄 UPGRADE: Legacy version detected in HealthConsultant.md. Flagging for self-upgrade.
[Tue Apr 21 17:36:58 2026] 🔄 UPGRADE: Legacy version detected in SentinelProjectManagement.md. Flagging for self-upgrade.
[Tue Apr 21 17:36:58 2026] 🔍 Auditing: workspaces/clients/09_glam-salon/01_meta-advertising
[Tue Apr 21 17:36:58 2026] 🔍 Auditing: workspaces/clients/02_mena-legal/01_compliance-audit
[Tue Apr 21 17:36:58 2026] 🔄 UPGRADE: Legacy version detected in SentinelLegalBrokerage.md. Flagging for self-upgrade.
[Tue Apr 21 17:36:58 2026] 🔄 UPGRADE: Legacy version detected in SentinelProjectManagement.md. Flagging for self-upgrade.
[Tue Apr 21 17:36:58 2026] 🔄 UPGRADE: Legacy version detected in AGENT.md. Flagging for self-upgrade.
[Tue Apr 21 17:36:58 2026] 🔄 UPGRADE: Legacy version detected in ComplianceOfficer.md. Flagging for self-upgrade.
[Tue Apr 21 17:36:58 2026] 🔍 Auditing: workspaces/clients/01_galeria/01_branding-redesign
[Tue Apr 21 17:36:58 2026] 🔍 Auditing: workspaces/personal/01_galeria-factory
[Tue Apr 21 17:36:58 2026] ✅ Master Maintenance Cycle COMPLETED. System Score: 100.0% OMEGA-11.
[2026-04-21T16:06:58.835079+00:00] Starting aggregation sync...
Sync complete. Aggregated 10 workspaces.
[Tue Apr 21 18:06:59 2026] 🚀 Starting Hierarchical Maintenance Cycle...
[Tue Apr 21 18:06:59 2026] 📊 Identified 10 active workspaces.
[Tue Apr 21 18:06:59 2026] 🔍 Auditing: workspaces/clients/03_cairo-villas/01_pre-construction
[Tue Apr 21 18:06:59 2026] 🔄 UPGRADE: Legacy version detected in SentinelProjectManagement.md. Flagging for self-upgrade.
[Tue Apr 21 18:06:59 2026] 🔍 Auditing: workspaces/clients/06_smart-cairo/01_digitization-feasibility
[Tue Apr 21 18:06:59 2026] 🔄 UPGRADE: Legacy version detected in SentinelLegalBrokerage.md. Flagging for self-upgrade.
[Tue Apr 21 18:06:59 2026] 🔍 Auditing: workspaces/clients/08_safari-experts/01_ai-visuals
[Tue Apr 21 18:06:59 2026] 🔍 Auditing: workspaces/clients/07_hotel-paradise/01_website-dev
[Tue Apr 21 18:06:59 2026] 🔍 Auditing: workspaces/clients/05_green-suez/01_wind-farm-feasibility
[Tue Apr 21 18:06:59 2026] 🔄 UPGRADE: Legacy version detected in SentinelLegalBrokerage.md. Flagging for self-upgrade.
[Tue Apr 21 18:06:59 2026] 🔄 UPGRADE: Legacy version detected in SentinelProjectManagement.md. Flagging for self-upgrade.
[Tue Apr 21 18:06:59 2026] 🔍 Auditing: workspaces/clients/04_delta-medical/01_clinical-trial-pipeline
[Tue Apr 21 18:06:59 2026] 🔄 UPGRADE: Legacy version detected in HealthConsultant.md. Flagging for self-upgrade.
[Tue Apr 21 18:06:59 2026] 🔄 UPGRADE: Legacy version detected in SentinelProjectManagement.md. Flagging for self-upgrade.
[Tue Apr 21 18:06:59 2026] 🔍 Auditing: workspaces/clients/09_glam-salon/01_meta-advertising
[Tue Apr 21 18:06:59 2026] 🔍 Auditing: workspaces/clients/02_mena-legal/01_compliance-audit
[Tue Apr 21 18:06:59 2026] 🔄 UPGRADE: Legacy version detected in SentinelLegalBrokerage.md. Flagging for self-upgrade.
[Tue Apr 21 18:06:59 2026] 🔄 UPGRADE: Legacy version detected in SentinelProjectManagement.md. Flagging for self-upgrade.
[Tue Apr 21 18:06:59 2026] 🔄 UPGRADE: Legacy version detected in AGENT.md. Flagging for self-upgrade.
[Tue Apr 21 18:06:59 2026] 🔄 UPGRADE: Legacy version detected in ComplianceOfficer.md. Flagging for self-upgrade.
[Tue Apr 21 18:06:59 2026] 🔍 Auditing: workspaces/clients/01_galeria/01_branding-redesign
[Tue Apr 21 18:06:59 2026] 🔍 Auditing: workspaces/personal/01_galeria-factory
[Tue Apr 21 18:06:59 2026] ✅ Master Maintenance Cycle COMPLETED. System Score: 100.0% OMEGA-11.
[2026-04-21T16:36:59.221954+00:00] Starting aggregation sync...
Sync complete. Aggregated 10 workspaces.
[Tue Apr 21 18:36:59 2026] 🚀 Starting Hierarchical Maintenance Cycle...
[Tue Apr 21 18:36:59 2026] 📊 Identified 10 active workspaces.
[Tue Apr 21 18:36:59 2026] 🔍 Auditing: workspaces/clients/03_cairo-villas/01_pre-construction
[Tue Apr 21 18:36:59 2026] 🔄 UPGRADE: Legacy version detected in SentinelProjectManagement.md. Flagging for self-upgrade.
[Tue Apr 21 18:36:59 2026] 🔍 Auditing: workspaces/clients/06_smart-cairo/01_digitization-feasibility
[Tue Apr 21 18:36:59 2026] 🔄 UPGRADE: Legacy version detected in SentinelLegalBrokerage.md. Flagging for self-upgrade.
[Tue Apr 21 18:36:59 2026] 🔍 Auditing: workspaces/clients/08_safari-experts/01_ai-visuals
[Tue Apr 21 18:36:59 2026] 🔍 Auditing: workspaces/clients/07_hotel-paradise/01_website-dev
[Tue Apr 21 18:36:59 2026] 🔍 Auditing: workspaces/clients/05_green-suez/01_wind-farm-feasibility
[Tue Apr 21 18:36:59 2026] 🔄 UPGRADE: Legacy version detected in SentinelLegalBrokerage.md. Flagging for self-upgrade.
[Tue Apr 21 18:36:59 2026] 🔄 UPGRADE: Legacy version detected in SentinelProjectManagement.md. Flagging for self-upgrade.
[Tue Apr 21 18:36:59 2026] 🔍 Auditing: workspaces/clients/04_delta-medical/01_clinical-trial-pipeline
[Tue Apr 21 18:36:59 2026] 🔄 UPGRADE: Legacy version detected in HealthConsultant.md. Flagging for self-upgrade.
[Tue Apr 21 18:36:59 2026] 🔄 UPGRADE: Legacy version detected in SentinelProjectManagement.md. Flagging for self-upgrade.
[Tue Apr 21 18:36:59 2026] 🔍 Auditing: workspaces/clients/09_glam-salon/01_meta-advertising
[Tue Apr 21 18:36:59 2026] 🔍 Auditing: workspaces/clients/02_mena-legal/01_compliance-audit
[Tue Apr 21 18:36:59 2026] 🔄 UPGRADE: Legacy version detected in SentinelLegalBrokerage.md. Flagging for self-upgrade.
[Tue Apr 21 18:36:59 2026] 🔄 UPGRADE: Legacy version detected in SentinelProjectManagement.md. Flagging for self-upgrade.
[Tue Apr 21 18:36:59 2026] 🔄 UPGRADE: Legacy version detected in AGENT.md. Flagging for self-upgrade.
[Tue Apr 21 18:36:59 2026] 🔄 UPGRADE: Legacy version detected in ComplianceOfficer.md. Flagging for self-upgrade.
[Tue Apr 21 18:36:59 2026] 🔍 Auditing: workspaces/clients/01_galeria/01_branding-redesign
[Tue Apr 21 18:36:59 2026] 🔍 Auditing: workspaces/personal/01_galeria-factory
[Tue Apr 21 18:36:59 2026] ✅ Master Maintenance Cycle COMPLETED. System Score: 100.0% OMEGA-11.
[2026-04-21T17:06:59.721007+00:00] Starting aggregation sync...
Sync complete. Aggregated 10 workspaces.
[Tue Apr 21 19:06:59 2026] 🚀 Starting Hierarchical Maintenance Cycle...
[Tue Apr 21 19:06:59 2026] 📊 Identified 10 active workspaces.
[Tue Apr 21 19:06:59 2026] 🔍 Auditing: workspaces/clients/03_cairo-villas/01_pre-construction
[Tue Apr 21 19:06:59 2026] 🔄 UPGRADE: Legacy version detected in SentinelProjectManagement.md. Flagging for self-upgrade.
[Tue Apr 21 19:06:59 2026] 🔍 Auditing: workspaces/clients/06_smart-cairo/01_digitization-feasibility
[Tue Apr 21 19:06:59 2026] 🔄 UPGRADE: Legacy version detected in SentinelLegalBrokerage.md. Flagging for self-upgrade.
[Tue Apr 21 19:06:59 2026] 🔍 Auditing: workspaces/clients/08_safari-experts/01_ai-visuals
[Tue Apr 21 19:06:59 2026] 🔍 Auditing: workspaces/clients/07_hotel-paradise/01_website-dev
[Tue Apr 21 19:06:59 2026] 🔍 Auditing: workspaces/clients/05_green-suez/01_wind-farm-feasibility
[Tue Apr 21 19:06:59 2026] 🔄 UPGRADE: Legacy version detected in SentinelLegalBrokerage.md. Flagging for self-upgrade.
[Tue Apr 21 19:06:59 2026] 🔄 UPGRADE: Legacy version detected in SentinelProjectManagement.md. Flagging for self-upgrade.
[Tue Apr 21 19:06:59 2026] 🔍 Auditing: workspaces/clients/04_delta-medical/01_clinical-trial-pipeline
[Tue Apr 21 19:06:59 2026] 🔄 UPGRADE: Legacy version detected in HealthConsultant.md. Flagging for self-upgrade.
[Tue Apr 21 19:06:59 2026] 🔄 UPGRADE: Legacy version detected in SentinelProjectManagement.md. Flagging for self-upgrade.
[Tue Apr 21 19:06:59 2026] 🔍 Auditing: workspaces/clients/09_glam-salon/01_meta-advertising
[Tue Apr 21 19:06:59 2026] 🔍 Auditing: workspaces/clients/02_mena-legal/01_compliance-audit
[Tue Apr 21 19:06:59 2026] 🔄 UPGRADE: Legacy version detected in SentinelLegalBrokerage.md. Flagging for self-upgrade.
[Tue Apr 21 19:06:59 2026] 🔄 UPGRADE: Legacy version detected in SentinelProjectManagement.md. Flagging for self-upgrade.
[Tue Apr 21 19:06:59 2026] 🔄 UPGRADE: Legacy version detected in AGENT.md. Flagging for self-upgrade.
[Tue Apr 21 19:06:59 2026] 🔄 UPGRADE: Legacy version detected in ComplianceOfficer.md. Flagging for self-upgrade.
[Tue Apr 21 19:06:59 2026] 🔍 Auditing: workspaces/clients/01_galeria/01_branding-redesign
[Tue Apr 21 19:06:59 2026] 🔍 Auditing: workspaces/personal/01_galeria-factory
[Tue Apr 21 19:06:59 2026] ✅ Master Maintenance Cycle COMPLETED. System Score: 100.0% OMEGA-11.
[2026-04-21T17:37:00.259828+00:00] Starting aggregation sync...
Sync complete. Aggregated 10 workspaces.
[Tue Apr 21 19:37:00 2026] 🚀 Starting Hierarchical Maintenance Cycle...
[Tue Apr 21 19:37:00 2026] 📊 Identified 10 active workspaces.
[Tue Apr 21 19:37:00 2026] 🔍 Auditing: workspaces/clients/03_cairo-villas/01_pre-construction
[Tue Apr 21 19:37:00 2026] 🔄 UPGRADE: Legacy version detected in SentinelProjectManagement.md. Flagging for self-upgrade.
[Tue Apr 21 19:37:00 2026] 🔍 Auditing: workspaces/clients/06_smart-cairo/01_digitization-feasibility
[Tue Apr 21 19:37:00 2026] 🔄 UPGRADE: Legacy version detected in SentinelLegalBrokerage.md. Flagging for self-upgrade.
[Tue Apr 21 19:37:00 2026] 🔍 Auditing: workspaces/clients/08_safari-experts/01_ai-visuals
[Tue Apr 21 19:37:00 2026] 🔍 Auditing: workspaces/clients/07_hotel-paradise/01_website-dev
[Tue Apr 21 19:37:00 2026] 🔍 Auditing: workspaces/clients/05_green-suez/01_wind-farm-feasibility
[Tue Apr 21 19:37:00 2026] 🔄 UPGRADE: Legacy version detected in SentinelLegalBrokerage.md. Flagging for self-upgrade.
[Tue Apr 21 19:37:00 2026] 🔄 UPGRADE: Legacy version detected in SentinelProjectManagement.md. Flagging for self-upgrade.
[Tue Apr 21 19:37:00 2026] 🔍 Auditing: workspaces/clients/04_delta-medical/01_clinical-trial-pipeline
[Tue Apr 21 19:37:00 2026] 🔄 UPGRADE: Legacy version detected in HealthConsultant.md. Flagging for self-upgrade.
[Tue Apr 21 19:37:00 2026] 🔄 UPGRADE: Legacy version detected in SentinelProjectManagement.md. Flagging for self-upgrade.
[Tue Apr 21 19:37:00 2026] 🔍 Auditing: workspaces/clients/09_glam-salon/01_meta-advertising
[Tue Apr 21 19:37:00 2026] 🔍 Auditing: workspaces/clients/02_mena-legal/01_compliance-audit
[Tue Apr 21 19:37:00 2026] 🔄 UPGRADE: Legacy version detected in SentinelLegalBrokerage.md. Flagging for self-upgrade.
[Tue Apr 21 19:37:00 2026] 🔄 UPGRADE: Legacy version detected in SentinelProjectManagement.md. Flagging for self-upgrade.
[Tue Apr 21 19:37:00 2026] 🔄 UPGRADE: Legacy version detected in AGENT.md. Flagging for self-upgrade.
[Tue Apr 21 19:37:00 2026] 🔄 UPGRADE: Legacy version detected in ComplianceOfficer.md. Flagging for self-upgrade.
[Tue Apr 21 19:37:00 2026] 🔍 Auditing: workspaces/clients/01_galeria/01_branding-redesign
[Tue Apr 21 19:37:00 2026] 🔍 Auditing: workspaces/personal/01_galeria-factory
[Tue Apr 21 19:37:00 2026] ✅ Master Maintenance Cycle COMPLETED. System Score: 100.0% OMEGA-11.
[2026-04-21T18:07:01.138353+00:00] Starting aggregation sync...
Sync complete. Aggregated 10 workspaces.
[Tue Apr 21 20:07:01 2026] 🚀 Starting Hierarchical Maintenance Cycle...
[Tue Apr 21 20:07:01 2026] 📊 Identified 10 active workspaces.
[Tue Apr 21 20:07:01 2026] 🔍 Auditing: workspaces/clients/03_cairo-villas/01_pre-construction
[Tue Apr 21 20:07:01 2026] 🔄 UPGRADE: Legacy version detected in SentinelProjectManagement.md. Flagging for self-upgrade.
[Tue Apr 21 20:07:01 2026] 🔍 Auditing: workspaces/clients/06_smart-cairo/01_digitization-feasibility
[Tue Apr 21 20:07:01 2026] 🔄 UPGRADE: Legacy version detected in SentinelLegalBrokerage.md. Flagging for self-upgrade.
[Tue Apr 21 20:07:01 2026] 🔍 Auditing: workspaces/clients/08_safari-experts/01_ai-visuals
[Tue Apr 21 20:07:01 2026] 🔍 Auditing: workspaces/clients/07_hotel-paradise/01_website-dev
[Tue Apr 21 20:07:01 2026] 🔍 Auditing: workspaces/clients/05_green-suez/01_wind-farm-feasibility
[Tue Apr 21 20:07:01 2026] 🔄 UPGRADE: Legacy version detected in SentinelLegalBrokerage.md. Flagging for self-upgrade.
[Tue Apr 21 20:07:01 2026] 🔄 UPGRADE: Legacy version detected in SentinelProjectManagement.md. Flagging for self-upgrade.
[Tue Apr 21 20:07:01 2026] 🔍 Auditing: workspaces/clients/04_delta-medical/01_clinical-trial-pipeline
[Tue Apr 21 20:07:01 2026] 🔄 UPGRADE: Legacy version detected in HealthConsultant.md. Flagging for self-upgrade.
[Tue Apr 21 20:07:01 2026] 🔄 UPGRADE: Legacy version detected in SentinelProjectManagement.md. Flagging for self-upgrade.
[Tue Apr 21 20:07:01 2026] 🔍 Auditing: workspaces/clients/09_glam-salon/01_meta-advertising
[Tue Apr 21 20:07:01 2026] 🔍 Auditing: workspaces/clients/02_mena-legal/01_compliance-audit
[Tue Apr 21 20:07:01 2026] 🔄 UPGRADE: Legacy version detected in SentinelLegalBrokerage.md. Flagging for self-upgrade.
[Tue Apr 21 20:07:01 2026] 🔄 UPGRADE: Legacy version detected in SentinelProjectManagement.md. Flagging for self-upgrade.
[Tue Apr 21 20:07:01 2026] 🔄 UPGRADE: Legacy version detected in AGENT.md. Flagging for self-upgrade.
[Tue Apr 21 20:07:01 2026] 🔄 UPGRADE: Legacy version detected in ComplianceOfficer.md. Flagging for self-upgrade.
[Tue Apr 21 20:07:01 2026] 🔍 Auditing: workspaces/clients/01_galeria/01_branding-redesign
[Tue Apr 21 20:07:01 2026] 🔍 Auditing: workspaces/personal/01_galeria-factory
[Tue Apr 21 20:07:01 2026] ✅ Master Maintenance Cycle COMPLETED. System Score: 100.0% OMEGA-11.
[2026-04-21T18:37:01.820195+00:00] Starting aggregation sync...
Sync complete. Aggregated 11 workspaces.
[Tue Apr 21 20:37:02 2026] 🚀 Starting Hierarchical Maintenance Cycle...
[Tue Apr 21 20:37:02 2026] 📊 Identified 11 active workspaces.
[Tue Apr 21 20:37:02 2026] 🔍 Auditing: workspaces/clients/03_cairo-villas/01_pre-construction
[Tue Apr 21 20:37:02 2026] 🔄 UPGRADE: Legacy version detected in SentinelProjectManagement.md. Flagging for self-upgrade.
[Tue Apr 21 20:37:02 2026] 🔍 Auditing: workspaces/clients/06_smart-cairo/01_digitization-feasibility
[Tue Apr 21 20:37:02 2026] 🔄 UPGRADE: Legacy version detected in SentinelLegalBrokerage.md. Flagging for self-upgrade.
[Tue Apr 21 20:37:02 2026] 🔍 Auditing: workspaces/clients/08_safari-experts/01_ai-visuals
[Tue Apr 21 20:37:02 2026] 🔍 Auditing: workspaces/clients/07_hotel-paradise/01_website-dev
[Tue Apr 21 20:37:02 2026] 🔍 Auditing: workspaces/clients/02_egyptian_legacy/001_website-revamp
[Tue Apr 21 20:37:02 2026] 🔧 HEAL: Missing state.json in 001_website-revamp. Initializing stub...
[Tue Apr 21 20:37:02 2026] 🔍 Auditing: workspaces/clients/05_green-suez/01_wind-farm-feasibility
[Tue Apr 21 20:37:02 2026] 🔄 UPGRADE: Legacy version detected in SentinelLegalBrokerage.md. Flagging for self-upgrade.
[Tue Apr 21 20:37:02 2026] 🔄 UPGRADE: Legacy version detected in SentinelProjectManagement.md. Flagging for self-upgrade.
[Tue Apr 21 20:37:02 2026] 🔍 Auditing: workspaces/clients/04_delta-medical/01_clinical-trial-pipeline
[Tue Apr 21 20:37:02 2026] 🔄 UPGRADE: Legacy version detected in HealthConsultant.md. Flagging for self-upgrade.
[Tue Apr 21 20:37:02 2026] 🔄 UPGRADE: Legacy version detected in SentinelProjectManagement.md. Flagging for self-upgrade.
[Tue Apr 21 20:37:02 2026] 🔍 Auditing: workspaces/clients/09_glam-salon/01_meta-advertising
[Tue Apr 21 20:37:02 2026] 🔍 Auditing: workspaces/clients/02_mena-legal/01_compliance-audit
[Tue Apr 21 20:37:02 2026] 🔄 UPGRADE: Legacy version detected in SentinelLegalBrokerage.md. Flagging for self-upgrade.
[Tue Apr 21 20:37:02 2026] 🔄 UPGRADE: Legacy version detected in SentinelProjectManagement.md. Flagging for self-upgrade.
[Tue Apr 21 20:37:02 2026] 🔄 UPGRADE: Legacy version detected in AGENT.md. Flagging for self-upgrade.
[Tue Apr 21 20:37:02 2026] 🔄 UPGRADE: Legacy version detected in ComplianceOfficer.md. Flagging for self-upgrade.
[Tue Apr 21 20:37:02 2026] 🔍 Auditing: workspaces/clients/01_galeria/01_branding-redesign
[Tue Apr 21 20:37:02 2026] 🔍 Auditing: workspaces/personal/01_galeria-factory
[Tue Apr 21 20:37:02 2026] ✅ Master Maintenance Cycle COMPLETED. System Score: 100.0% OMEGA-11.
[2026-04-21T19:07:02.412858+00:00] Starting aggregation sync...
Sync complete. Aggregated 12 workspaces.
[Tue Apr 21 21:07:02 2026] 🚀 Starting Hierarchical Maintenance Cycle...
[Tue Apr 21 21:07:02 2026] 📊 Identified 12 active workspaces.
[Tue Apr 21 21:07:02 2026] 🔍 Auditing: workspaces/clients/03_cairo-villas/01_pre-construction
[Tue Apr 21 21:07:02 2026] 🔄 UPGRADE: Legacy version detected in SentinelProjectManagement.md. Flagging for self-upgrade.
[Tue Apr 21 21:07:02 2026] 🔍 Auditing: workspaces/clients/06_smart-cairo/01_digitization-feasibility
[Tue Apr 21 21:07:02 2026] 🔄 UPGRADE: Legacy version detected in SentinelLegalBrokerage.md. Flagging for self-upgrade.
[Tue Apr 21 21:07:02 2026] 🔍 Auditing: workspaces/clients/03_mena_legal/001_compliance-audit
[Tue Apr 21 21:07:02 2026] 🔧 HEAL: Missing state.json in 001_compliance-audit. Initializing stub...
[Tue Apr 21 21:07:02 2026] 🔍 Auditing: workspaces/clients/08_safari-experts/01_ai-visuals
[Tue Apr 21 21:07:02 2026] 🔍 Auditing: workspaces/clients/07_hotel-paradise/01_website-dev
[Tue Apr 21 21:07:02 2026] 🔍 Auditing: workspaces/clients/02_egyptian_legacy/001_website-revamp
[Tue Apr 21 21:07:02 2026] 🔍 Auditing: workspaces/clients/05_green-suez/01_wind-farm-feasibility
[Tue Apr 21 21:07:02 2026] 🔄 UPGRADE: Legacy version detected in SentinelLegalBrokerage.md. Flagging for self-upgrade.
[Tue Apr 21 21:07:02 2026] 🔄 UPGRADE: Legacy version detected in SentinelProjectManagement.md. Flagging for self-upgrade.
[Tue Apr 21 21:07:02 2026] 🔍 Auditing: workspaces/clients/04_delta-medical/01_clinical-trial-pipeline
[Tue Apr 21 21:07:02 2026] 🔄 UPGRADE: Legacy version detected in HealthConsultant.md. Flagging for self-upgrade.
[Tue Apr 21 21:07:02 2026] 🔄 UPGRADE: Legacy version detected in SentinelProjectManagement.md. Flagging for self-upgrade.
[Tue Apr 21 21:07:02 2026] 🔍 Auditing: workspaces/clients/09_glam-salon/01_meta-advertising
[Tue Apr 21 21:07:02 2026] 🔍 Auditing: workspaces/clients/02_mena-legal/01_compliance-audit
[Tue Apr 21 21:07:02 2026] 🔄 UPGRADE: Legacy version detected in SentinelLegalBrokerage.md. Flagging for self-upgrade.
[Tue Apr 21 21:07:02 2026] 🔄 UPGRADE: Legacy version detected in SentinelProjectManagement.md. Flagging for self-upgrade.
[Tue Apr 21 21:07:02 2026] 🔄 UPGRADE: Legacy version detected in AGENT.md. Flagging for self-upgrade.
[Tue Apr 21 21:07:02 2026] 🔄 UPGRADE: Legacy version detected in ComplianceOfficer.md. Flagging for self-upgrade.
[Tue Apr 21 21:07:02 2026] 🔍 Auditing: workspaces/clients/01_galeria/01_branding-redesign
[Tue Apr 21 21:07:02 2026] 🔍 Auditing: workspaces/personal/01_galeria-factory
[Tue Apr 21 21:07:02 2026] ✅ Master Maintenance Cycle COMPLETED. System Score: 100.0% OMEGA-11.
[2026-04-21T19:37:03.067864+00:00] Starting aggregation sync...
Sync complete. Aggregated 12 workspaces.
[Tue Apr 21 21:37:03 2026] 🚀 Starting Hierarchical Maintenance Cycle...
[Tue Apr 21 21:37:03 2026] 📊 Identified 12 active workspaces.
[Tue Apr 21 21:37:03 2026] 🔍 Auditing: workspaces/clients/03_cairo-villas/01_pre-construction
[Tue Apr 21 21:37:03 2026] 🔄 UPGRADE: Legacy version detected in SentinelProjectManagement.md. Flagging for self-upgrade.
[Tue Apr 21 21:37:03 2026] 🔍 Auditing: workspaces/clients/06_smart-cairo/01_digitization-feasibility
[Tue Apr 21 21:37:03 2026] 🔄 UPGRADE: Legacy version detected in SentinelLegalBrokerage.md. Flagging for self-upgrade.
[Tue Apr 21 21:37:03 2026] 🔍 Auditing: workspaces/clients/03_mena_legal/001_compliance-audit
[Tue Apr 21 21:37:03 2026] 🔍 Auditing: workspaces/clients/08_safari-experts/01_ai-visuals
[Tue Apr 21 21:37:03 2026] 🔍 Auditing: workspaces/clients/07_hotel-paradise/01_website-dev
[Tue Apr 21 21:37:03 2026] 🔍 Auditing: workspaces/clients/02_egyptian_legacy/001_website-revamp
[Tue Apr 21 21:37:03 2026] 🔍 Auditing: workspaces/clients/05_green-suez/01_wind-farm-feasibility
[Tue Apr 21 21:37:03 2026] 🔄 UPGRADE: Legacy version detected in SentinelLegalBrokerage.md. Flagging for self-upgrade.
[Tue Apr 21 21:37:03 2026] 🔄 UPGRADE: Legacy version detected in SentinelProjectManagement.md. Flagging for self-upgrade.
[Tue Apr 21 21:37:03 2026] 🔍 Auditing: workspaces/clients/04_delta-medical/01_clinical-trial-pipeline
[Tue Apr 21 21:37:03 2026] 🔄 UPGRADE: Legacy version detected in HealthConsultant.md. Flagging for self-upgrade.
[Tue Apr 21 21:37:03 2026] 🔄 UPGRADE: Legacy version detected in SentinelProjectManagement.md. Flagging for self-upgrade.
[Tue Apr 21 21:37:03 2026] 🔍 Auditing: workspaces/clients/09_glam-salon/01_meta-advertising
[Tue Apr 21 21:37:03 2026] 🔍 Auditing: workspaces/clients/02_mena-legal/01_compliance-audit
[Tue Apr 21 21:37:03 2026] 🔄 UPGRADE: Legacy version detected in SentinelLegalBrokerage.md. Flagging for self-upgrade.
[Tue Apr 21 21:37:03 2026] 🔄 UPGRADE: Legacy version detected in SentinelProjectManagement.md. Flagging for self-upgrade.
[Tue Apr 21 21:37:03 2026] 🔄 UPGRADE: Legacy version detected in AGENT.md. Flagging for self-upgrade.
[Tue Apr 21 21:37:03 2026] 🔄 UPGRADE: Legacy version detected in ComplianceOfficer.md. Flagging for self-upgrade.
[Tue Apr 21 21:37:03 2026] 🔍 Auditing: workspaces/clients/01_galeria/01_branding-redesign
[Tue Apr 21 21:37:03 2026] 🔍 Auditing: workspaces/personal/01_galeria-factory
[Tue Apr 21 21:37:03 2026] ✅ Master Maintenance Cycle COMPLETED. System Score: 100.0% OMEGA-11.
[2026-04-21T20:07:03.991355+00:00] Starting aggregation sync...
Sync complete. Aggregated 0 workspaces.
[Tue Apr 21 22:07:04 2026] 🚀 Starting Hierarchical Maintenance Cycle...
[Tue Apr 21 22:07:04 2026] 📊 Identified 0 active workspaces.
[Tue Apr 21 22:07:04 2026] ✅ Master Maintenance Cycle COMPLETED. System Score: 100.0% OMEGA-11.
[2026-04-21T20:37:04.655834+00:00] Starting aggregation sync...
Sync complete. Aggregated 0 workspaces.
[Tue Apr 21 22:37:04 2026] 🚀 Starting Hierarchical Maintenance Cycle...
[Tue Apr 21 22:37:04 2026] 📊 Identified 0 active workspaces.
[Tue Apr 21 22:37:04 2026] ✅ Master Maintenance Cycle COMPLETED. System Score: 100.0% OMEGA-11.
[2026-04-21 14:36:54] 🐕 WATCHDOG: Master Watchdog v14.0.0 INITIALIZED.
[2026-04-21 14:36:54] 🐕 WATCHDOG: Cycle frequency: every 1800 seconds.
[2026-04-21 14:36:54] 🐕 WATCHDOG: --- Starting Sovereign Sync Cycle ---
[2026-04-21 14:36:54] 🐕 WATCHDOG: Running sync-aggregated-state.py...
[2026-04-21 14:36:54] 🐕 WATCHDOG: Running autonomous_maintenance_bot.py...
[2026-04-21 14:36:54] 🐕 WATCHDOG: Broadcasting state to Dashboard...
[2026-04-21 14:36:54] 🐕 WATCHDOG: Dashboard API error: 500
[2026-04-21 14:36:54] 🐕 WATCHDOG: --- Cycle Complete. Hibernating... ---
[2026-04-21 15:06:54] 🐕 WATCHDOG: --- Starting Sovereign Sync Cycle ---
[2026-04-21 15:06:54] 🐕 WATCHDOG: Running sync-aggregated-state.py...
[2026-04-21 15:06:54] 🐕 WATCHDOG: Running autonomous_maintenance_bot.py...
[2026-04-21 15:06:55] 🐕 WATCHDOG: Broadcasting state to Dashboard...
[2026-04-21 15:06:55] 🐕 WATCHDOG: Dashboard sync complete.
[2026-04-21 15:06:55] 🐕 WATCHDOG: --- Cycle Complete. Hibernating... ---
[2026-04-21 15:36:55] 🐕 WATCHDOG: --- Starting Sovereign Sync Cycle ---
[2026-04-21 15:36:55] 🐕 WATCHDOG: Running sync-aggregated-state.py...
[2026-04-21 15:36:55] 🐕 WATCHDOG: Running autonomous_maintenance_bot.py...
[2026-04-21 15:36:55] 🐕 WATCHDOG: Broadcasting state to Dashboard...
[2026-04-21 15:36:56] 🐕 WATCHDOG: Dashboard sync complete.
[2026-04-21 15:36:56] 🐕 WATCHDOG: --- Cycle Complete. Hibernating... ---
[2026-04-21 16:06:56] 🐕 WATCHDOG: --- Starting Sovereign Sync Cycle ---
[2026-04-21 16:06:56] 🐕 WATCHDOG: Running sync-aggregated-state.py...
[2026-04-21 16:06:56] 🐕 WATCHDOG: Running autonomous_maintenance_bot.py...
[2026-04-21 16:06:56] 🐕 WATCHDOG: Broadcasting state to Dashboard...
[2026-04-21 16:06:56] 🐕 WATCHDOG: Dashboard sync complete.
[2026-04-21 16:06:56] 🐕 WATCHDOG: --- Cycle Complete. Hibernating... ---
[2026-04-21 16:36:56] 🐕 WATCHDOG: --- Starting Sovereign Sync Cycle ---
[2026-04-21 16:36:56] 🐕 WATCHDOG: Running sync-aggregated-state.py...
[2026-04-21 16:36:57] 🐕 WATCHDOG: Running autonomous_maintenance_bot.py...
[2026-04-21 16:36:57] 🐕 WATCHDOG: Broadcasting state to Dashboard...
[2026-04-21 16:36:57] 🐕 WATCHDOG: Dashboard sync complete.
[2026-04-21 16:36:57] 🐕 WATCHDOG: --- Cycle Complete. Hibernating... ---
[2026-04-21 17:06:57] 🐕 WATCHDOG: --- Starting Sovereign Sync Cycle ---
[2026-04-21 17:06:57] 🐕 WATCHDOG: Running sync-aggregated-state.py...
[2026-04-21 17:06:57] 🐕 WATCHDOG: Running autonomous_maintenance_bot.py...
[2026-04-21 17:06:57] 🐕 WATCHDOG: Broadcasting state to Dashboard...
[2026-04-21 17:06:57] 🐕 WATCHDOG: Dashboard sync complete.
[2026-04-21 17:06:57] 🐕 WATCHDOG: --- Cycle Complete. Hibernating... ---
[2026-04-21 17:36:58] 🐕 WATCHDOG: --- Starting Sovereign Sync Cycle ---
[2026-04-21 17:36:58] 🐕 WATCHDOG: Running sync-aggregated-state.py...
[2026-04-21 17:36:58] 🐕 WATCHDOG: Running autonomous_maintenance_bot.py...
[2026-04-21 17:36:58] 🐕 WATCHDOG: Broadcasting state to Dashboard...
[2026-04-21 17:36:58] 🐕 WATCHDOG: Dashboard sync complete.
[2026-04-21 17:36:58] 🐕 WATCHDOG: --- Cycle Complete. Hibernating... ---
[2026-04-21 18:06:58] 🐕 WATCHDOG: --- Starting Sovereign Sync Cycle ---
[2026-04-21 18:06:58] 🐕 WATCHDOG: Running sync-aggregated-state.py...
[2026-04-21 18:06:58] 🐕 WATCHDOG: Running autonomous_maintenance_bot.py...
[2026-04-21 18:06:59] 🐕 WATCHDOG: Broadcasting state to Dashboard...
[2026-04-21 18:06:59] 🐕 WATCHDOG: Dashboard sync complete.
[2026-04-21 18:06:59] 🐕 WATCHDOG: --- Cycle Complete. Hibernating... ---
[2026-04-21 18:36:59] 🐕 WATCHDOG: --- Starting Sovereign Sync Cycle ---
[2026-04-21 18:36:59] 🐕 WATCHDOG: Running sync-aggregated-state.py...
[2026-04-21 18:36:59] 🐕 WATCHDOG: Running autonomous_maintenance_bot.py...
[2026-04-21 18:36:59] 🐕 WATCHDOG: Broadcasting state to Dashboard...
[2026-04-21 18:36:59] 🐕 WATCHDOG: Dashboard sync complete.
[2026-04-21 18:36:59] 🐕 WATCHDOG: --- Cycle Complete. Hibernating... ---
[2026-04-21 19:06:59] 🐕 WATCHDOG: --- Starting Sovereign Sync Cycle ---
[2026-04-21 19:06:59] 🐕 WATCHDOG: Running sync-aggregated-state.py...
[2026-04-21 19:06:59] 🐕 WATCHDOG: Running autonomous_maintenance_bot.py...
[2026-04-21 19:06:59] 🐕 WATCHDOG: Broadcasting state to Dashboard...
[2026-04-21 19:06:59] 🐕 WATCHDOG: Dashboard sync complete.
[2026-04-21 19:06:59] 🐕 WATCHDOG: --- Cycle Complete. Hibernating... ---
[2026-04-21 19:37:00] 🐕 WATCHDOG: --- Starting Sovereign Sync Cycle ---
[2026-04-21 19:37:00] 🐕 WATCHDOG: Running sync-aggregated-state.py...
[2026-04-21 19:37:00] 🐕 WATCHDOG: Running autonomous_maintenance_bot.py...
[2026-04-21 19:37:00] 🐕 WATCHDOG: Broadcasting state to Dashboard...
[2026-04-21 19:37:00] 🐕 WATCHDOG: Dashboard sync complete.
[2026-04-21 19:37:00] 🐕 WATCHDOG: --- Cycle Complete. Hibernating... ---
[2026-04-21 20:07:00] 🐕 WATCHDOG: --- Starting Sovereign Sync Cycle ---
[2026-04-21 20:07:00] 🐕 WATCHDOG: Running sync-aggregated-state.py...
[2026-04-21 20:07:01] 🐕 WATCHDOG: Running autonomous_maintenance_bot.py...
[2026-04-21 20:07:01] 🐕 WATCHDOG: Broadcasting state to Dashboard...
[2026-04-21 20:07:01] 🐕 WATCHDOG: Dashboard sync complete.
[2026-04-21 20:07:01] 🐕 WATCHDOG: --- Cycle Complete. Hibernating... ---
[2026-04-21 20:37:01] 🐕 WATCHDOG: --- Starting Sovereign Sync Cycle ---
[2026-04-21 20:37:01] 🐕 WATCHDOG: Running sync-aggregated-state.py...
[2026-04-21 20:37:01] 🐕 WATCHDOG: Running autonomous_maintenance_bot.py...
[2026-04-21 20:37:02] 🐕 WATCHDOG: Broadcasting state to Dashboard...
[2026-04-21 20:37:02] 🐕 WATCHDOG: Could not connect to Dashboard API: HTTPConnectionPool(host='localhost', port=8000): Max retries exceeded with url: /api/update-state (Caused by NewConnectionError("HTTPConnection(host='localhost', port=8000): Failed to establish a new connection: [Errno 61] Connection refused"))
[2026-04-21 20:37:02] 🐕 WATCHDOG: --- Cycle Complete. Hibernating... ---
[2026-04-21 21:07:02] 🐕 WATCHDOG: --- Starting Sovereign Sync Cycle ---
[2026-04-21 21:07:02] 🐕 WATCHDOG: Running sync-aggregated-state.py...
[2026-04-21 21:07:02] 🐕 WATCHDOG: Running autonomous_maintenance_bot.py...
[2026-04-21 21:07:02] 🐕 WATCHDOG: Broadcasting state to Dashboard...
[2026-04-21 21:07:02] 🐕 WATCHDOG: Could not connect to Dashboard API: HTTPConnectionPool(host='localhost', port=8000): Max retries exceeded with url: /api/update-state (Caused by NewConnectionError("HTTPConnection(host='localhost', port=8000): Failed to establish a new connection: [Errno 61] Connection refused"))
[2026-04-21 21:07:02] 🐕 WATCHDOG: --- Cycle Complete. Hibernating... ---
[2026-04-21 21:37:02] 🐕 WATCHDOG: --- Starting Sovereign Sync Cycle ---
[2026-04-21 21:37:02] 🐕 WATCHDOG: Running sync-aggregated-state.py...
[2026-04-21 21:37:03] 🐕 WATCHDOG: Running autonomous_maintenance_bot.py...
[2026-04-21 21:37:03] 🐕 WATCHDOG: Broadcasting state to Dashboard...
[2026-04-21 21:37:03] 🐕 WATCHDOG: Dashboard sync complete.
[2026-04-21 21:37:03] 🐕 WATCHDOG: --- Cycle Complete. Hibernating... ---
[2026-04-21 22:07:03] 🐕 WATCHDOG: --- Starting Sovereign Sync Cycle ---
[2026-04-21 22:07:03] 🐕 WATCHDOG: Running sync-aggregated-state.py...
[2026-04-21 22:07:04] 🐕 WATCHDOG: Running autonomous_maintenance_bot.py...
[2026-04-21 22:07:04] 🐕 WATCHDOG: Broadcasting state to Dashboard...
[2026-04-21 22:07:04] 🐕 WATCHDOG: Could not connect to Dashboard API: HTTPConnectionPool(host='localhost', port=8000): Max retries exceeded with url: /api/update-state (Caused by NewConnectionError("HTTPConnection(host='localhost', port=8000): Failed to establish a new connection: [Errno 61] Connection refused"))
[2026-04-21 22:07:04] 🐕 WATCHDOG: --- Cycle Complete. Hibernating... ---
[2026-04-21 22:37:04] 🐕 WATCHDOG: --- Starting Sovereign Sync Cycle ---
[2026-04-21 22:37:04] 🐕 WATCHDOG: Running sync-aggregated-state.py...
[2026-04-21 22:37:04] 🐕 WATCHDOG: Running autonomous_maintenance_bot.py...
[2026-04-21 22:37:04] 🐕 WATCHDOG: Broadcasting state to Dashboard...
[2026-04-21T21:07:04.977176+00:00] Starting aggregation sync...
Sync complete. Aggregated 0 workspaces.
[Tue Apr 21 23:07:05 2026] 🚀 Starting Hierarchical Maintenance Cycle...
[Tue Apr 21 23:07:05 2026] 📊 Identified 0 active workspaces.
[Tue Apr 21 23:07:05 2026] ✅ Master Maintenance Cycle COMPLETED. System Score: 100.0% OMEGA-11.
[2026-04-21T21:37:05.155397+00:00] Starting aggregation sync...
Sync complete. Aggregated 0 workspaces.
[Tue Apr 21 23:37:05 2026] 🚀 Starting Hierarchical Maintenance Cycle...
[Tue Apr 21 23:37:05 2026] 📊 Identified 0 active workspaces.
[Tue Apr 21 23:37:05 2026] ✅ Master Maintenance Cycle COMPLETED. System Score: 100.0% OMEGA-11.
[2026-04-21T22:07:05.724932+00:00] Starting aggregation sync...
Sync complete. Aggregated 0 workspaces.
[Wed Apr 22 00:07:05 2026] 🚀 Starting Hierarchical Maintenance Cycle...
[Wed Apr 22 00:07:05 2026] 📊 Identified 0 active workspaces.
[Wed Apr 22 00:07:05 2026] ✅ Master Maintenance Cycle COMPLETED. System Score: 100.0% OMEGA-11.
[2026-04-21T22:37:06.701804+00:00] Starting aggregation sync...
Sync complete. Aggregated 0 workspaces.
[Wed Apr 22 00:37:07 2026] 🚀 Starting Hierarchical Maintenance Cycle...
[Wed Apr 22 00:37:07 2026] 📊 Identified 0 active workspaces.
[Wed Apr 22 00:37:07 2026] ✅ Master Maintenance Cycle COMPLETED. System Score: 100.0% OMEGA-11.
[2026-04-21T23:07:07.465304+00:00] Starting aggregation sync...
Sync complete. Aggregated 0 workspaces.
[Wed Apr 22 01:07:07 2026] 🚀 Starting Hierarchical Maintenance Cycle...
[Wed Apr 22 01:07:07 2026] 📊 Identified 0 active workspaces.
[Wed Apr 22 01:07:07 2026] ✅ Master Maintenance Cycle COMPLETED. System Score: 100.0% OMEGA-11.
[2026-04-21T23:37:07.975829+00:00] Starting aggregation sync...
Sync complete. Aggregated 1 workspaces.
[Wed Apr 22 01:37:08 2026] 🚀 Starting Hierarchical Maintenance Cycle...
[Wed Apr 22 01:37:08 2026] 📊 Identified 1 active workspaces.
[Wed Apr 22 01:37:08 2026] 🔍 Auditing: workspaces/clients/green_energy/001_solar_tech
[Wed Apr 22 01:37:08 2026] 🔧 HEAL: Missing state.json in 001_solar_tech. Initializing stub...
[Wed Apr 22 01:37:08 2026] ✅ Master Maintenance Cycle COMPLETED. System Score: 100.0% OMEGA-11.
[2026-04-22T00:07:08.332171+00:00] Starting aggregation sync...
Sync complete. Aggregated 1 workspaces.
[Wed Apr 22 02:07:08 2026] 🚀 Starting Hierarchical Maintenance Cycle...
[Wed Apr 22 02:07:08 2026] 📊 Identified 1 active workspaces.
[Wed Apr 22 02:07:08 2026] 🔍 Auditing: workspaces/clients/green_energy/001_solar_tech
[Wed Apr 22 02:07:08 2026] ✅ Master Maintenance Cycle COMPLETED. System Score: 100.0% OMEGA-11.
[2026-04-22T00:37:08.631111+00:00] Starting aggregation sync...
Sync complete. Aggregated 1 workspaces.
[Wed Apr 22 02:37:08 2026] 🚀 Starting Hierarchical Maintenance Cycle...
[Wed Apr 22 02:37:08 2026] 📊 Identified 1 active workspaces.
[Wed Apr 22 02:37:08 2026] 🔍 Auditing: workspaces/clients/green_energy/001_solar_tech
[Wed Apr 22 02:37:08 2026] ✅ Master Maintenance Cycle COMPLETED. System Score: 100.0% OMEGA-11.
[2026-04-22T01:07:09.179670+00:00] Starting aggregation sync...
Sync complete. Aggregated 1 workspaces.
[Wed Apr 22 03:07:09 2026] 🚀 Starting Hierarchical Maintenance Cycle...
[Wed Apr 22 03:07:09 2026] 📊 Identified 1 active workspaces.
[Wed Apr 22 03:07:09 2026] 🔍 Auditing: workspaces/clients/green_energy/001_solar_tech
[Wed Apr 22 03:07:09 2026] ✅ Master Maintenance Cycle COMPLETED. System Score: 100.0% OMEGA-11.
[2026-04-22T01:37:09.653030+00:00] Starting aggregation sync...
Sync complete. Aggregated 1 workspaces.
[Wed Apr 22 03:37:09 2026] 🚀 Starting Hierarchical Maintenance Cycle...
[Wed Apr 22 03:37:09 2026] 📊 Identified 1 active workspaces.
[Wed Apr 22 03:37:09 2026] 🔍 Auditing: workspaces/clients/green_energy/001_solar_tech
[Wed Apr 22 03:37:09 2026] ✅ Master Maintenance Cycle COMPLETED. System Score: 100.0% OMEGA-11.
[2026-04-22T02:07:10.181950+00:00] Starting aggregation sync...
Sync complete. Aggregated 1 workspaces.
[Wed Apr 22 04:07:10 2026] 🚀 Starting Hierarchical Maintenance Cycle...
[Wed Apr 22 04:07:10 2026] 📊 Identified 1 active workspaces.
[Wed Apr 22 04:07:10 2026] 🔍 Auditing: workspaces/clients/green_energy/001_solar_tech
[Wed Apr 22 04:07:10 2026] ✅ Master Maintenance Cycle COMPLETED. System Score: 100.0% OMEGA-11.
[2026-04-22T03:07:07.717162+00:00] Starting aggregation sync...
Sync complete. Aggregated 1 workspaces.
[2026-04-21 22:37:04] 🐕 WATCHDOG: Could not connect to Dashboard API: HTTPConnectionPool(host='localhost', port=8000): Max retries exceeded with url: /api/update-state (Caused by NewConnectionError("HTTPConnection(host='localhost', port=8000): Failed to establish a new connection: [Errno 61] Connection refused"))
[2026-04-21 22:37:04] 🐕 WATCHDOG: --- Cycle Complete. Hibernating... ---
[2026-04-21 23:07:04] 🐕 WATCHDOG: --- Starting Sovereign Sync Cycle ---
[2026-04-21 23:07:04] 🐕 WATCHDOG: Running sync-aggregated-state.py...
[2026-04-21 23:07:04] 🐕 WATCHDOG: Running autonomous_maintenance_bot.py...
[2026-04-21 23:07:05] 🐕 WATCHDOG: Broadcasting state to Dashboard...
[2026-04-21 23:07:05] 🐕 WATCHDOG: Could not connect to Dashboard API: HTTPConnectionPool(host='localhost', port=8000): Max retries exceeded with url: /api/update-state (Caused by NewConnectionError("HTTPConnection(host='localhost', port=8000): Failed to establish a new connection: [Errno 61] Connection refused"))
[2026-04-21 23:07:05] 🐕 WATCHDOG: --- Cycle Complete. Hibernating... ---
[2026-04-21 23:37:04] 🐕 WATCHDOG: --- Starting Sovereign Sync Cycle ---
[2026-04-21 23:37:04] 🐕 WATCHDOG: Running sync-aggregated-state.py...
[2026-04-21 23:37:05] 🐕 WATCHDOG: Running autonomous_maintenance_bot.py...
[2026-04-21 23:37:05] 🐕 WATCHDOG: Broadcasting state to Dashboard...
[2026-04-21 23:37:05] 🐕 WATCHDOG: Could not connect to Dashboard API: HTTPConnectionPool(host='localhost', port=8000): Max retries exceeded with url: /api/update-state (Caused by NewConnectionError("HTTPConnection(host='localhost', port=8000): Failed to establish a new connection: [Errno 61] Connection refused"))
[2026-04-21 23:37:05] 🐕 WATCHDOG: --- Cycle Complete. Hibernating... ---
[2026-04-22 00:07:05] 🐕 WATCHDOG: --- Starting Sovereign Sync Cycle ---
[2026-04-22 00:07:05] 🐕 WATCHDOG: Running sync-aggregated-state.py...
[2026-04-22 00:07:05] 🐕 WATCHDOG: Running autonomous_maintenance_bot.py...
[2026-04-22 00:07:05] 🐕 WATCHDOG: Broadcasting state to Dashboard...
[2026-04-22 00:07:05] 🐕 WATCHDOG: Could not connect to Dashboard API: HTTPConnectionPool(host='localhost', port=8000): Max retries exceeded with url: /api/update-state (Caused by NewConnectionError("HTTPConnection(host='localhost', port=8000): Failed to establish a new connection: [Errno 61] Connection refused"))
[2026-04-22 00:07:05] 🐕 WATCHDOG: --- Cycle Complete. Hibernating... ---
[2026-04-22 00:37:06] 🐕 WATCHDOG: --- Starting Sovereign Sync Cycle ---
[2026-04-22 00:37:06] 🐕 WATCHDOG: Running sync-aggregated-state.py...
[2026-04-22 00:37:06] 🐕 WATCHDOG: Running autonomous_maintenance_bot.py...
[2026-04-22 00:37:07] 🐕 WATCHDOG: Broadcasting state to Dashboard...
[2026-04-22 00:37:07] 🐕 WATCHDOG: Could not connect to Dashboard API: HTTPConnectionPool(host='localhost', port=8000): Max retries exceeded with url: /api/update-state (Caused by NewConnectionError("HTTPConnection(host='localhost', port=8000): Failed to establish a new connection: [Errno 61] Connection refused"))
[2026-04-22 00:37:07] 🐕 WATCHDOG: --- Cycle Complete. Hibernating... ---
[2026-04-22 01:07:07] 🐕 WATCHDOG: --- Starting Sovereign Sync Cycle ---
[2026-04-22 01:07:07] 🐕 WATCHDOG: Running sync-aggregated-state.py...
[2026-04-22 01:07:07] 🐕 WATCHDOG: Running autonomous_maintenance_bot.py...
[2026-04-22 01:07:07] 🐕 WATCHDOG: Broadcasting state to Dashboard...
[2026-04-22 01:07:07] 🐕 WATCHDOG: Could not connect to Dashboard API: HTTPConnectionPool(host='localhost', port=8000): Max retries exceeded with url: /api/update-state (Caused by NewConnectionError("HTTPConnection(host='localhost', port=8000): Failed to establish a new connection: [Errno 61] Connection refused"))
[2026-04-22 01:07:07] 🐕 WATCHDOG: --- Cycle Complete. Hibernating... ---
[2026-04-22 01:37:07] 🐕 WATCHDOG: --- Starting Sovereign Sync Cycle ---
[2026-04-22 01:37:07] 🐕 WATCHDOG: Running sync-aggregated-state.py...
[2026-04-22 01:37:07] 🐕 WATCHDOG: Running autonomous_maintenance_bot.py...
[2026-04-22 01:37:08] 🐕 WATCHDOG: Broadcasting state to Dashboard...
[2026-04-22 01:37:08] 🐕 WATCHDOG: Could not connect to Dashboard API: HTTPConnectionPool(host='localhost', port=8000): Max retries exceeded with url: /api/update-state (Caused by NewConnectionError("HTTPConnection(host='localhost', port=8000): Failed to establish a new connection: [Errno 61] Connection refused"))
[2026-04-22 01:37:08] 🐕 WATCHDOG: --- Cycle Complete. Hibernating... ---
[2026-04-22 02:07:08] 🐕 WATCHDOG: --- Starting Sovereign Sync Cycle ---
[2026-04-22 02:07:08] 🐕 WATCHDOG: Running sync-aggregated-state.py...
[2026-04-22 02:07:08] 🐕 WATCHDOG: Running autonomous_maintenance_bot.py...
[2026-04-22 02:07:08] 🐕 WATCHDOG: Broadcasting state to Dashboard...
[2026-04-22 02:07:08] 🐕 WATCHDOG: Could not connect to Dashboard API: HTTPConnectionPool(host='localhost', port=8000): Max retries exceeded with url: /api/update-state (Caused by NewConnectionError("HTTPConnection(host='localhost', port=8000): Failed to establish a new connection: [Errno 61] Connection refused"))
[2026-04-22 02:07:08] 🐕 WATCHDOG: --- Cycle Complete. Hibernating... ---
[2026-04-22 02:37:08] 🐕 WATCHDOG: --- Starting Sovereign Sync Cycle ---
[2026-04-22 02:37:08] 🐕 WATCHDOG: Running sync-aggregated-state.py...
[2026-04-22 02:37:08] 🐕 WATCHDOG: Running autonomous_maintenance_bot.py...
[2026-04-22 02:37:08] 🐕 WATCHDOG: Broadcasting state to Dashboard...
[2026-04-22 02:37:08] 🐕 WATCHDOG: Could not connect to Dashboard API: HTTPConnectionPool(host='localhost', port=8000): Max retries exceeded with url: /api/update-state (Caused by NewConnectionError("HTTPConnection(host='localhost', port=8000): Failed to establish a new connection: [Errno 61] Connection refused"))
[2026-04-22 02:37:08] 🐕 WATCHDOG: --- Cycle Complete. Hibernating... ---
[2026-04-22 03:07:08] 🐕 WATCHDOG: --- Starting Sovereign Sync Cycle ---
[2026-04-22 03:07:08] 🐕 WATCHDOG: Running sync-aggregated-state.py...
[2026-04-22 03:07:09] 🐕 WATCHDOG: Running autonomous_maintenance_bot.py...
[2026-04-22 03:07:09] 🐕 WATCHDOG: Broadcasting state to Dashboard...
[2026-04-22 03:07:09] 🐕 WATCHDOG: Could not connect to Dashboard API: HTTPConnectionPool(host='localhost', port=8000): Max retries exceeded with url: /api/update-state (Caused by NewConnectionError("HTTPConnection(host='localhost', port=8000): Failed to establish a new connection: [Errno 61] Connection refused"))
[2026-04-22 03:07:09] 🐕 WATCHDOG: --- Cycle Complete. Hibernating... ---
[2026-04-22 03:37:09] 🐕 WATCHDOG: --- Starting Sovereign Sync Cycle ---
[2026-04-22 03:37:09] 🐕 WATCHDOG: Running sync-aggregated-state.py...
[2026-04-22 03:37:09] 🐕 WATCHDOG: Running autonomous_maintenance_bot.py...
[2026-04-22 03:37:09] 🐕 WATCHDOG: Broadcasting state to Dashboard...
[2026-04-22 03:37:09] 🐕 WATCHDOG: Could not connect to Dashboard API: HTTPConnectionPool(host='localhost', port=8000): Max retries exceeded with url: /api/update-state (Caused by NewConnectionError("HTTPConnection(host='localhost', port=8000): Failed to establish a new connection: [Errno 61] Connection refused"))
[2026-04-22 03:37:09] 🐕 WATCHDOG: --- Cycle Complete. Hibernating... ---
[2026-04-22 04:07:09] 🐕 WATCHDOG: --- Starting Sovereign Sync Cycle ---
[2026-04-22 04:07:09] 🐕 WATCHDOG: Running sync-aggregated-state.py...
[2026-04-22 04:07:10] 🐕 WATCHDOG: Running autonomous_maintenance_bot.py...
[2026-04-22 04:07:10] 🐕 WATCHDOG: Broadcasting state to Dashboard...
[2026-04-22 04:07:10] 🐕 WATCHDOG: Could not connect to Dashboard API: HTTPConnectionPool(host='localhost', port=8000): Max retries exceeded with url: /api/update-state (Caused by NewConnectionError("HTTPConnection(host='localhost', port=8000): Failed to establish a new connection: [Errno 61] Connection refused"))
[2026-04-22 04:07:10] 🐕 WATCHDOG: --- Cycle Complete. Hibernating... ---
[2026-04-22 05:07:07] 🐕 WATCHDOG: --- Starting Sovereign Sync Cycle ---
[2026-04-22 05:07:07] 🐕 WATCHDOG: Running sync-aggregated-state.py...
[Wed Apr 22 05:07:07 2026] 🚀 Starting Hierarchical Maintenance Cycle...
[Wed Apr 22 05:07:07 2026] 📊 Identified 1 active workspaces.
[Wed Apr 22 05:07:07 2026] 🔍 Auditing: workspaces/clients/green_energy/001_solar_tech
[Wed Apr 22 05:07:07 2026] ✅ Master Maintenance Cycle COMPLETED. System Score: 100.0% OMEGA-11.
[2026-04-22T03:37:08.179149+00:00] Starting aggregation sync...
Sync complete. Aggregated 1 workspaces.
[Wed Apr 22 05:37:08 2026] 🚀 Starting Hierarchical Maintenance Cycle...
[Wed Apr 22 05:37:08 2026] 📊 Identified 1 active workspaces.
[Wed Apr 22 05:37:08 2026] 🔍 Auditing: workspaces/clients/green_energy/001_solar_tech
[Wed Apr 22 05:37:08 2026] ✅ Master Maintenance Cycle COMPLETED. System Score: 100.0% OMEGA-11.
[2026-04-22T04:58:25.271375+00:00] Starting aggregation sync...
Sync complete. Aggregated 1 workspaces.
[Wed Apr 22 06:58:25 2026] 🚀 Starting Hierarchical Maintenance Cycle...
[Wed Apr 22 06:58:25 2026] 📊 Identified 1 active workspaces.
[Wed Apr 22 06:58:25 2026] 🔍 Auditing: workspaces/clients/green_energy/001_solar_tech
[Wed Apr 22 06:58:25 2026] ✅ Master Maintenance Cycle COMPLETED. System Score: 100.0% OMEGA-11.
[2026-04-22 05:07:07] 🐕 WATCHDOG: Running autonomous_maintenance_bot.py...
[2026-04-22 05:07:07] 🐕 WATCHDOG: Broadcasting state to Dashboard...
[2026-04-22 05:07:07] 🐕 WATCHDOG: Could not connect to Dashboard API: HTTPConnectionPool(host='localhost', port=8000): Max retries exceeded with url: /api/update-state (Caused by NewConnectionError("HTTPConnection(host='localhost', port=8000): Failed to establish a new connection: [Errno 61] Connection refused"))
[2026-04-22 05:07:07] 🐕 WATCHDOG: --- Cycle Complete. Hibernating... ---
[2026-04-22 05:37:08] 🐕 WATCHDOG: --- Starting Sovereign Sync Cycle ---
[2026-04-22 05:37:08] 🐕 WATCHDOG: Running sync-aggregated-state.py...
[2026-04-22 05:37:08] 🐕 WATCHDOG: Running autonomous_maintenance_bot.py...
[2026-04-22 05:37:08] 🐕 WATCHDOG: Broadcasting state to Dashboard...
[2026-04-22 05:37:08] 🐕 WATCHDOG: Could not connect to Dashboard API: HTTPConnectionPool(host='localhost', port=8000): Max retries exceeded with url: /api/update-state (Caused by NewConnectionError("HTTPConnection(host='localhost', port=8000): Failed to establish a new connection: [Errno 61] Connection refused"))
[2026-04-22 05:37:08] 🐕 WATCHDOG: --- Cycle Complete. Hibernating... ---
[2026-04-22 06:58:25] 🐕 WATCHDOG: --- Starting Sovereign Sync Cycle ---
[2026-04-22 06:58:25] 🐕 WATCHDOG: Running sync-aggregated-state.py...
[2026-04-22 06:58:25] 🐕 WATCHDOG: Running autonomous_maintenance_bot.py...
[2026-04-22 06:58:25] 🐕 WATCHDOG: Broadcasting state to Dashboard...
[2026-04-22 06:58:25] 🐕 WATCHDOG: Could not connect to Dashboard API: HTTPConnectionPool(host='localhost', port=8000): Max retries exceeded with url: /api/update-state (Caused by NewConnectionError("HTTPConnection(host='localhost', port=8000): Failed to establish a new connection: [Errno 61] Connection refused"))
[2026-04-22 06:58:25] 🐕 WATCHDOG: --- Cycle Complete. Hibernating... ---
[2026-04-22 07:28:25] 🐕 WATCHDOG: --- Starting Sovereign Sync Cycle ---
[2026-04-22 07:28:25] 🐕 WATCHDOG: Error: sync-aggregated-state.py not found.
[2026-04-22 07:28:25] 🐕 WATCHDOG: Error: autonomous_maintenance_bot.py not found.
[2026-04-22 07:28:25] 🐕 WATCHDOG: Broadcasting state to Dashboard...
[2026-04-22 07:28:25] 🐕 WATCHDOG: Could not connect to Dashboard API: HTTPConnectionPool(host='localhost', port=8000): Max retries exceeded with url: /api/update-state (Caused by NewConnectionError("HTTPConnection(host='localhost', port=8000): Failed to establish a new connection: [Errno 61] Connection refused"))
[2026-04-22 07:28:25] 🐕 WATCHDOG: --- Cycle Complete. Hibernating... ---
[2026-04-22 07:58:25] 🐕 WATCHDOG: --- Starting Sovereign Sync Cycle ---
[2026-04-22 07:58:25] 🐕 WATCHDOG: Error: sync-aggregated-state.py not found.
[2026-04-22 07:58:25] 🐕 WATCHDOG: Error: autonomous_maintenance_bot.py not found.
[2026-04-22 07:58:25] 🐕 WATCHDOG: Broadcasting state to Dashboard...
[2026-04-22 07:58:25] 🐕 WATCHDOG: Could not connect to Dashboard API: HTTPConnectionPool(host='localhost', port=8000): Max retries exceeded with url: /api/update-state (Caused by NewConnectionError("HTTPConnection(host='localhost', port=8000): Failed to establish a new connection: [Errno 61] Connection refused"))
[2026-04-22 07:58:25] 🐕 WATCHDOG: --- Cycle Complete. Hibernating... ---
[2026-04-22 08:28:25] 🐕 WATCHDOG: --- Starting Sovereign Sync Cycle ---
[2026-04-22 08:28:25] 🐕 WATCHDOG: Error: sync-aggregated-state.py not found.
[2026-04-22 08:28:25] 🐕 WATCHDOG: Error: autonomous_maintenance_bot.py not found.
[2026-04-22 08:28:25] 🐕 WATCHDOG: Broadcasting state to Dashboard...
[2026-04-22 08:28:25] 🐕 WATCHDOG: Could not connect to Dashboard API: HTTPConnectionPool(host='localhost', port=8000): Max retries exceeded with url: /api/update-state (Caused by NewConnectionError("HTTPConnection(host='localhost', port=8000): Failed to establish a new connection: [Errno 61] Connection refused"))
[2026-04-22 08:28:25] 🐕 WATCHDOG: --- Cycle Complete. Hibernating... ---
[2026-04-22 08:58:25] 🐕 WATCHDOG: --- Starting Sovereign Sync Cycle ---
[2026-04-22 08:58:25] 🐕 WATCHDOG: Error: sync-aggregated-state.py not found.
[2026-04-22 08:58:25] 🐕 WATCHDOG: Error: autonomous_maintenance_bot.py not found.
[2026-04-22 08:58:25] 🐕 WATCHDOG: Broadcasting state to Dashboard...
[2026-04-22 08:58:25] 🐕 WATCHDOG: Could not connect to Dashboard API: HTTPConnectionPool(host='localhost', port=8000): Max retries exceeded with url: /api/update-state (Caused by NewConnectionError("HTTPConnection(host='localhost', port=8000): Failed to establish a new connection: [Errno 61] Connection refused"))
[2026-04-22 08:58:25] 🐕 WATCHDOG: --- Cycle Complete. Hibernating... ---
[2026-04-22 09:28:25] 🐕 WATCHDOG: --- Starting Sovereign Sync Cycle ---
[2026-04-22 09:28:25] 🐕 WATCHDOG: Error: sync-aggregated-state.py not found.
[2026-04-22 09:28:25] 🐕 WATCHDOG: Error: autonomous_maintenance_bot.py not found.
[2026-04-22 09:28:25] 🐕 WATCHDOG: Broadcasting state to Dashboard...
[2026-04-22 09:28:25] 🐕 WATCHDOG: Could not connect to Dashboard API: HTTPConnectionPool(host='localhost', port=8000): Max retries exceeded with url: /api/update-state (Caused by NewConnectionError("HTTPConnection(host='localhost', port=8000): Failed to establish a new connection: [Errno 61] Connection refused"))
[2026-04-22 09:28:25] 🐕 WATCHDOG: --- Cycle Complete. Hibernating... ---
[2026-04-22 09:58:25] 🐕 WATCHDOG: --- Starting Sovereign Sync Cycle ---
[2026-04-22 09:58:25] 🐕 WATCHDOG: Error: sync-aggregated-state.py not found.
[2026-04-22 09:58:25] 🐕 WATCHDOG: Error: autonomous_maintenance_bot.py not found.
[2026-04-22 09:58:25] 🐕 WATCHDOG: Broadcasting state to Dashboard...
[2026-04-22 09:58:25] 🐕 WATCHDOG: Could not connect to Dashboard API: HTTPConnectionPool(host='localhost', port=8000): Max retries exceeded with url: /api/update-state (Caused by NewConnectionError("HTTPConnection(host='localhost', port=8000): Failed to establish a new connection: [Errno 61] Connection refused"))
[2026-04-22 09:58:25] 🐕 WATCHDOG: --- Cycle Complete. Hibernating... ---
[2026-04-22 10:28:25] 🐕 WATCHDOG: --- Starting Sovereign Sync Cycle ---
[2026-04-22 10:28:25] 🐕 WATCHDOG: Error: sync-aggregated-state.py not found.
[2026-04-22 10:28:25] 🐕 WATCHDOG: Error: autonomous_maintenance_bot.py not found.
[2026-04-22 10:28:25] 🐕 WATCHDOG: Broadcasting state to Dashboard...
[2026-04-22 10:28:25] 🐕 WATCHDOG: Could not connect to Dashboard API: HTTPConnectionPool(host='localhost', port=8000): Max retries exceeded with url: /api/update-state (Caused by NewConnectionError("HTTPConnection(host='localhost', port=8000): Failed to establish a new connection: [Errno 61] Connection refused"))
[2026-04-22 10:28:25] 🐕 WATCHDOG: --- Cycle Complete. Hibernating... ---
[2026-04-22 10:58:25] 🐕 WATCHDOG: --- Starting Sovereign Sync Cycle ---
[2026-04-22 10:58:25] 🐕 WATCHDOG: Error: sync-aggregated-state.py not found.
[2026-04-22 10:58:25] 🐕 WATCHDOG: Error: autonomous_maintenance_bot.py not found.
[2026-04-22 10:58:25] 🐕 WATCHDOG: Broadcasting state to Dashboard...
[2026-04-22 10:58:25] 🐕 WATCHDOG: Could not connect to Dashboard API: HTTPConnectionPool(host='localhost', port=8000): Max retries exceeded with url: /api/update-state (Caused by NewConnectionError("HTTPConnection(host='localhost', port=8000): Failed to establish a new connection: [Errno 61] Connection refused"))
[2026-04-22 10:58:25] 🐕 WATCHDOG: --- Cycle Complete. Hibernating... ---
[2026-04-22 11:28:25] 🐕 WATCHDOG: --- Starting Sovereign Sync Cycle ---
[2026-04-22 11:28:25] 🐕 WATCHDOG: Error: sync-aggregated-state.py not found.
[2026-04-22 11:28:25] 🐕 WATCHDOG: Error: autonomous_maintenance_bot.py not found.
[2026-04-22 11:28:25] 🐕 WATCHDOG: Broadcasting state to Dashboard...
