--- OMEGA MAINTENANCE LOG STARTED Mon Apr 20 11:59:09 2026 ---
[Mon Apr 20 11:59:09 2026] 🚀 Starting Autonomous Maintenance Cycle...
[Mon Apr 20 11:59:09 2026] 📊 Auditing 327 nodes...
[Mon Apr 20 11:59:09 2026] 🔄 UPGRADE: Legacy markers detected in factory/library/01-software-engineering/backend/skills/backend-mastery. Triggering Agent Self-Upgrade...
[Mon Apr 20 11:59:09 2026] 🔄 UPGRADE: Legacy markers detected in factory/library/01-software-engineering/engineering-core/skills/engineering-core-mastery. Triggering Agent Self-Upgrade...
[Mon Apr 20 11:59:09 2026] 🔄 UPGRADE: Legacy markers detected in factory/library/01-software-engineering/testing/skills/testing-mastery. Triggering Agent Self-Upgrade...
[Mon Apr 20 11:59:09 2026] 🔄 UPGRADE: Legacy markers detected in factory/library/02-web-platforms/api-design/skills/api-design-mastery. Triggering Agent Self-Upgrade...
[Mon Apr 20 11:59:09 2026] 🔄 UPGRADE: Legacy markers detected in factory/library/02-web-platforms/cloud-architecture/skills/external/supabase/supabase-official-mastery. Triggering Agent Self-Upgrade...
[Mon Apr 20 11:59:09 2026] 🔄 UPGRADE: Legacy markers detected in factory/library/02-web-platforms/saas-platforms/skills/saas-platforms-mastery. Triggering Agent Self-Upgrade...
[Mon Apr 20 11:59:09 2026] 🔄 UPGRADE: Legacy markers detected in factory/library/03-security-compliance/data-sovereignty/skills/data-sovereignty-mastery. Triggering Agent Self-Upgrade...
[Mon Apr 20 11:59:09 2026] 🔄 UPGRADE: Legacy markers detected in factory/library/07-visibility-optimization/seo/skills/bilingual-semantic-authority. Triggering Agent Self-Upgrade...
[Mon Apr 20 11:59:09 2026] 🔄 UPGRADE: Legacy markers detected in factory/library/07-visibility-optimization/seo/skills/seo-mastery. Triggering Agent Self-Upgrade...
[Mon Apr 20 11:59:09 2026] 🔄 UPGRADE: Legacy markers detected in factory/library/08-media-production/3d-production/skills/3d-production-mastery. Triggering Agent Self-Upgrade...
[Mon Apr 20 11:59:09 2026] 🔄 UPGRADE: Legacy markers detected in factory/library/11-industry-verticals/real-estate-dev/skills/real-estate-dev-mastery. Triggering Agent Self-Upgrade...
[Mon Apr 20 11:59:09 2026] 🔄 UPGRADE: Legacy markers detected in factory/library/12-meta-engine/meta-orchestration/skills/meta-orchestration-mastery. Triggering Agent Self-Upgrade...
[Mon Apr 20 11:59:09 2026] 🔄 UPGRADE: Legacy markers detected in factory/library/14-ai-intelligence/agentic-orchestration/skills/agent-computational-velocity-protocol. Triggering Agent Self-Upgrade...
[Mon Apr 20 11:59:09 2026] 🔄 UPGRADE: Legacy markers detected in factory/library/14-ai-intelligence/agentic-orchestration/skills/openclaw-orchestration. Triggering Agent Self-Upgrade...
[Mon Apr 20 11:59:09 2026] 🔄 UPGRADE: Legacy markers detected in factory/library/14-ai-intelligence/intelligence-foundations/skills/fine-tuning-dataset-curation. Triggering Agent Self-Upgrade...
[Mon Apr 20 11:59:09 2026] 🔄 UPGRADE: Legacy markers detected in factory/library/14-ai-intelligence/agentic-orchestration/skills/agent-computational-velocity-protocol. Triggering Agent Self-Upgrade...
[Mon Apr 20 11:59:09 2026] ✅ Maintenance Cycle COMPLETED. System Score: 100.0% OMEGA.
[Mon Apr 20 12:03:40 2026] 🚀 Starting Autonomous Maintenance Cycle...
[Mon Apr 20 12:03:40 2026] 📊 Auditing 330 nodes...
[Mon Apr 20 12:03:40 2026] 🔄 UPGRADE: Legacy markers detected in factory/library/01-software-engineering/backend/skills/backend-mastery. Triggering Agent Self-Upgrade...
[Mon Apr 20 12:03:41 2026] 🔄 UPGRADE: Legacy markers detected in factory/library/01-software-engineering/engineering-core/skills/engineering-core-mastery. Triggering Agent Self-Upgrade...
[Mon Apr 20 12:03:41 2026] 🔄 UPGRADE: Legacy markers detected in factory/library/01-software-engineering/testing/skills/testing-mastery. Triggering Agent Self-Upgrade...
[Mon Apr 20 12:03:41 2026] 🔄 UPGRADE: Legacy markers detected in factory/library/02-web-platforms/api-design/skills/api-design-mastery. Triggering Agent Self-Upgrade...
[Mon Apr 20 12:03:41 2026] 🔄 UPGRADE: Legacy markers detected in factory/library/02-web-platforms/cloud-architecture/skills/external/supabase/supabase-official-mastery. Triggering Agent Self-Upgrade...
[Mon Apr 20 12:03:41 2026] 🔄 UPGRADE: Legacy markers detected in factory/library/02-web-platforms/saas-platforms/skills/saas-platforms-mastery. Triggering Agent Self-Upgrade...
[Mon Apr 20 12:03:41 2026] 🔄 UPGRADE: Legacy markers detected in factory/library/03-security-compliance/data-sovereignty/skills/data-sovereignty-mastery. Triggering Agent Self-Upgrade...
[Mon Apr 20 12:03:41 2026] 🔄 UPGRADE: Legacy markers detected in factory/library/07-visibility-optimization/seo/skills/bilingual-semantic-authority. Triggering Agent Self-Upgrade...
[Mon Apr 20 12:03:41 2026] 🔄 UPGRADE: Legacy markers detected in factory/library/07-visibility-optimization/seo/skills/seo-mastery. Triggering Agent Self-Upgrade...
[Mon Apr 20 12:03:41 2026] 🔄 UPGRADE: Legacy markers detected in factory/library/08-media-production/3d-production/skills/3d-production-mastery. Triggering Agent Self-Upgrade...
[Mon Apr 20 12:03:41 2026] 🔄 UPGRADE: Legacy markers detected in factory/library/11-industry-verticals/healthtech-pharma/skills/healthtech-pharma-mastery. Triggering Agent Self-Upgrade...
[Mon Apr 20 12:03:41 2026] 🔄 UPGRADE: Legacy markers detected in factory/library/11-industry-verticals/legal-brokerage/skills/legal-brokerage-mastery. Triggering Agent Self-Upgrade...
[Mon Apr 20 12:03:41 2026] 🔄 UPGRADE: Legacy markers detected in factory/library/11-industry-verticals/real-estate-dev/skills/real-estate-dev-mastery. Triggering Agent Self-Upgrade...
[Mon Apr 20 12:03:41 2026] 🔄 UPGRADE: Legacy markers detected in factory/library/12-meta-engine/meta-orchestration/skills/meta-orchestration-mastery. Triggering Agent Self-Upgrade...
[Mon Apr 20 12:03:41 2026] 🔄 UPGRADE: Legacy markers detected in factory/library/14-ai-intelligence/agentic-orchestration/skills/agent-computational-velocity-protocol. Triggering Agent Self-Upgrade...
[Mon Apr 20 12:03:41 2026] 🔄 UPGRADE: Legacy markers detected in factory/library/14-ai-intelligence/agentic-orchestration/skills/openclaw-orchestration. Triggering Agent Self-Upgrade...
[Mon Apr 20 12:03:41 2026] 🔄 UPGRADE: Legacy markers detected in factory/library/14-ai-intelligence/intelligence-foundations/skills/fine-tuning-dataset-curation. Triggering Agent Self-Upgrade...
[Mon Apr 20 12:03:41 2026] 🔄 UPGRADE: Legacy markers detected in factory/library/14-ai-intelligence/agentic-orchestration/skills/agent-computational-velocity-protocol. Triggering Agent Self-Upgrade...
[Mon Apr 20 12:03:41 2026] 🔄 UPGRADE: Legacy markers detected in factory/library/11-industry-verticals/legal-brokerage/skills/legal-brokerage-mastery. Triggering Agent Self-Upgrade...
[Mon Apr 20 12:03:41 2026] 🔄 UPGRADE: Legacy markers detected in factory/library/11-industry-verticals/healthtech-pharma/skills/healthtech-pharma-mastery. Triggering Agent Self-Upgrade...
[Mon Apr 20 12:03:41 2026] ✅ Maintenance Cycle COMPLETED. System Score: 100.0% OMEGA.
[Mon Apr 20 21:55:15 2026] 🚀 Starting Autonomous Maintenance Cycle...
[Mon Apr 20 21:55:15 2026] ❌ FAIL: factory_nodes_list.txt not found.
[Tue Apr 21 21:31:53 2026] 🚀 Starting Autonomous Maintenance Cycle (v10.1.0)...
[Tue Apr 21 21:31:53 2026] 📊 Auditing 20 high-priority nodes...
[Tue Apr 21 21:31:53 2026] 🔧 HEALING: Creating SKILL.md for factory/library/11-industry-verticals/education-lms
[Tue Apr 21 21:31:53 2026] 🔧 HEALING: Creating SKILL.md for factory/library/11-industry-verticals/hospital-clinic
[Tue Apr 21 21:31:53 2026] 🔧 HEALING: Creating SKILL.md for factory/library/11-industry-verticals/real-estate-dev
[Tue Apr 21 21:31:53 2026] 🔧 HEALING: Creating SKILL.md for factory/library/11-industry-verticals/media-broadcasting
[Tue Apr 21 21:31:53 2026] 🔧 HEALING: Creating SKILL.md for factory/library/11-industry-verticals/fitness-wellness
[Tue Apr 21 21:31:53 2026] 🔧 HEALING: Creating SKILL.md for factory/library/11-industry-verticals/mena-localization-payments
[Tue Apr 21 21:31:53 2026] 🔧 HEALING: Creating SKILL.md for factory/library/11-industry-verticals/legal-brokerage
[Tue Apr 21 21:31:53 2026] 🔧 HEALING: Creating SKILL.md for factory/library/11-industry-verticals/energy-renewables
[Tue Apr 21 21:31:53 2026] 🔧 HEALING: Creating SKILL.md for factory/library/11-industry-verticals/lodging-hotel
[Tue Apr 21 21:31:53 2026] 🔧 HEALING: Creating SKILL.md for factory/library/11-industry-verticals/gov-public-sector
[Tue Apr 21 21:31:53 2026] 🔧 HEALING: Creating SKILL.md for factory/library/11-industry-verticals/events-festivals-ops
[Tue Apr 21 21:31:53 2026] 🔧 HEALING: Creating SKILL.md for factory/library/11-industry-verticals/islamic-finance
[Tue Apr 21 21:31:53 2026] 🔧 HEALING: Creating SKILL.md for factory/library/11-industry-verticals/f-and-b-ops
[Tue Apr 21 21:31:53 2026] 🔧 HEALING: Creating SKILL.md for factory/library/11-industry-verticals/healthtech-pharma
[Tue Apr 21 21:31:53 2026] 🔧 HEALING: Creating SKILL.md for factory/library/11-industry-verticals/crypto-web3
[Tue Apr 21 21:31:53 2026] 🔧 HEALING: Creating SKILL.md for factory/library/11-industry-verticals/ecommerce-retail
[Tue Apr 21 21:31:53 2026] 🔧 HEALING: Creating SKILL.md for factory/library/11-industry-verticals/agency-creative
[Tue Apr 21 21:31:53 2026] 🔧 HEALING: Creating SKILL.md for factory/library/11-industry-verticals/ai-automation-lab
[Tue Apr 21 21:31:53 2026] 🔧 HEALING: Creating SKILL.md for factory/library/11-industry-verticals/tourism-travel
[Tue Apr 21 21:31:53 2026] 🔧 HEALING: Creating SKILL.md for factory/library/11-industry-verticals/real-estate-brokerage
[Tue Apr 21 21:31:53 2026] ✅ Maintenance Cycle COMPLETED. System Score: 100.0% OMEGA.
[Tue Apr 21 21:40:39 2026] 🚀 Starting Autonomous Maintenance Cycle (v10.1.0)...
[Tue Apr 21 21:40:39 2026] 📊 Auditing 20 high-priority nodes...
[Tue Apr 21 21:40:39 2026] ✅ Maintenance Cycle COMPLETED. System Score: 100.0% OMEGA.
